Partition Merge report for lab6
Thu Oct 31 09:44:07 2019
Quartus II 32-bit Version 12.1 Build 243 01/31/2013 Service Pack 1 SJ Web Edition


---------------------
; Table of Contents ;
---------------------
  1. Legal Notice
  2. Partition Merge Summary
  3. Partition Merge Netlist Types Used
  4. Connections to In-System Debugging Instance "auto_signaltap_0"
  5. Partition Merge Partition Statistics
  6. Partition Merge Resource Usage Summary
  7. Partition Merge RAM Summary
  8. Partition Merge Messages



----------------
; Legal Notice ;
----------------
Copyright (C) 1991-2012 Altera Corporation
Your use of Altera Corporation's design tools, logic functions 
and other software and tools, and its AMPP partner logic 
functions, and any output files from any of the foregoing 
(including device programming or simulation files), and any 
associated documentation or information are expressly subject 
to the terms and conditions of the Altera Program License 
Subscription Agreement, Altera MegaCore Function License 
Agreement, or other applicable license agreement, including, 
without limitation, that your use is for the sole purpose of 
programming logic devices manufactured by Altera and sold by 
Altera or its authorized distributors.  Please refer to the 
applicable agreement for further details.



+------------------------------------------------------------------------------------+
; Partition Merge Summary                                                            ;
+------------------------------------+-----------------------------------------------+
; Partition Merge Status             ; Successful - Thu Oct 31 09:44:07 2019         ;
; Quartus II 32-bit Version          ; 12.1 Build 243 01/31/2013 SP 1 SJ Web Edition ;
; Revision Name                      ; lab6                                          ;
; Top-level Entity Name              ; lab6                                          ;
; Family                             ; Cyclone II                                    ;
; Total logic elements               ; 778                                           ;
;     Total combinational functions  ; 644                                           ;
;     Dedicated logic registers      ; 338                                           ;
; Total registers                    ; 338                                           ;
; Total pins                         ; 77                                            ;
; Total virtual pins                 ; 0                                             ;
; Total memory bits                  ; 384                                           ;
; Embedded Multiplier 9-bit elements ; 0                                             ;
; Total PLLs                         ; 0                                             ;
+------------------------------------+-----------------------------------------------+


+-------------------------------------------------------------------------------------------------------------------------------+
; Partition Merge Netlist Types Used                                                                                            ;
+--------------------------------+----------------+-------------------+------------------------+--------------------------------+
; Partition Name                 ; Partition Type ; Netlist Type Used ; Netlist Type Requested ; Partition Contents             ;
+--------------------------------+----------------+-------------------+------------------------+--------------------------------+
; Top                            ; User-created   ; Source File       ; Post-Fit               ;                                ;
; sld_hub:auto_hub               ; Auto-generated ; Post-Synthesis    ; Post-Synthesis         ; sld_hub:auto_hub               ;
; sld_signaltap:auto_signaltap_0 ; Auto-generated ; Post-Synthesis    ; Post-Synthesis         ; sld_signaltap:auto_signaltap_0 ;
; hard_block:auto_generated_inst ; Auto-generated ; Source File       ; Source File            ; hard_block:auto_generated_inst ;
+--------------------------------+----------------+-------------------+------------------------+--------------------------------+


+----------------------------------------------------------------------------------------------------------+
; Connections to In-System Debugging Instance "auto_signaltap_0"                                           ;
+-----------+---------------+-----------+----------------+-------------------+-------------------+---------+
; Name      ; Type          ; Status    ; Partition Name ; Netlist Type Used ; Actual Connection ; Details ;
+-----------+---------------+-----------+----------------+-------------------+-------------------+---------+
; CLOCK_50  ; pre-synthesis ; connected ; Top            ; post-synthesis    ; CLOCK_50          ; N/A     ;
; GPIO_0[1] ; pre-synthesis ; connected ; Top            ; post-synthesis    ; res[15]           ; N/A     ;
; GPIO_0[1] ; pre-synthesis ; connected ; Top            ; post-synthesis    ; res[15]           ; N/A     ;
; SW[0]     ; post-fitting  ; connected ; Top            ; post-synthesis    ; SW[0]             ; N/A     ;
; SW[0]     ; post-fitting  ; connected ; Top            ; post-synthesis    ; SW[0]             ; N/A     ;
; SW[8]     ; post-fitting  ; connected ; Top            ; post-synthesis    ; SW[8]             ; N/A     ;
; SW[8]     ; post-fitting  ; connected ; Top            ; post-synthesis    ; SW[8]             ; N/A     ;
+-----------+---------------+-----------+----------------+-------------------+-------------------+---------+


+-----------------------------------------------------------------------------------------------------------------------------------------+
; Partition Merge Partition Statistics                                                                                                    ;
+---------------------------------------------+------+------------------+--------------------------------+--------------------------------+
; Statistic                                   ; Top  ; sld_hub:auto_hub ; sld_signaltap:auto_signaltap_0 ; hard_block:auto_generated_inst ;
+---------------------------------------------+------+------------------+--------------------------------+--------------------------------+
; Estimated Total logic elements              ; 299  ; 157              ; 323                            ; 0                              ;
;                                             ;      ;                  ;                                ;                                ;
; Total combinational functions               ; 299  ; 141              ; 204                            ; 0                              ;
; Logic element usage by number of LUT inputs ;      ;                  ;                                ;                                ;
;     -- 4 input functions                    ; 150  ; 50               ; 89                             ; 0                              ;
;     -- 3 input functions                    ; 68   ; 55               ; 66                             ; 0                              ;
;     -- <=2 input functions                  ; 81   ; 36               ; 49                             ; 0                              ;
;                                             ;      ;                  ;                                ;                                ;
; Logic elements by mode                      ;      ;                  ;                                ;                                ;
;     -- normal mode                          ; 238  ; 133              ; 172                            ; 0                              ;
;     -- arithmetic mode                      ; 61   ; 8                ; 32                             ; 0                              ;
;                                             ;      ;                  ;                                ;                                ;
; Total registers                             ; 0    ; 94               ; 244                            ; 0                              ;
;     -- Dedicated logic registers            ; 0    ; 94               ; 244                            ; 0                              ;
;                                             ;      ;                  ;                                ;                                ;
; Virtual pins                                ; 0    ; 0                ; 0                              ; 0                              ;
; I/O pins                                    ; 76   ; 0                ; 1                              ; 0                              ;
; Embedded Multiplier 9-bit elements          ; 0    ; 0                ; 0                              ; 0                              ;
; Total memory bits                           ; 0    ; 0                ; 384                            ; 0                              ;
; Total RAM block bits                        ; 0    ; 0                ; 0                              ; 0                              ;
; JTAG                                        ; 1    ; 0                ; 0                              ; 0                              ;
;                                             ;      ;                  ;                                ;                                ;
; Connections                                 ;      ;                  ;                                ;                                ;
;     -- Input Connections                    ; 1    ; 135              ; 236                            ; 0                              ;
;     -- Registered Input Connections         ; 0    ; 105              ; 144                            ; 0                              ;
;     -- Output Connections                   ; 259  ; 112              ; 1                              ; 0                              ;
;     -- Registered Output Connections        ; 0    ; 111              ; 0                              ; 0                              ;
;                                             ;      ;                  ;                                ;                                ;
; Internal Connections                        ;      ;                  ;                                ;                                ;
;     -- Total Connections                    ; 1274 ; 856              ; 1475                           ; 0                              ;
;     -- Registered Connections               ; 0    ; 607              ; 717                            ; 0                              ;
;                                             ;      ;                  ;                                ;                                ;
; External Connections                        ;      ;                  ;                                ;                                ;
;     -- Top                                  ; 0    ; 127              ; 133                            ; 0                              ;
;     -- sld_hub:auto_hub                     ; 127  ; 16               ; 104                            ; 0                              ;
;     -- sld_signaltap:auto_signaltap_0       ; 133  ; 104              ; 0                              ; 0                              ;
;     -- hard_block:auto_generated_inst       ; 0    ; 0                ; 0                              ; 0                              ;
;                                             ;      ;                  ;                                ;                                ;
; Partition Interface                         ;      ;                  ;                                ;                                ;
;     -- Input Ports                          ; 22   ; 19               ; 63                             ; 0                              ;
;     -- Output Ports                         ; 59   ; 37               ; 16                             ; 0                              ;
;     -- Bidir Ports                          ; 0    ; 0                ; 0                              ; 0                              ;
;                                             ;      ;                  ;                                ;                                ;
; Registered Ports                            ;      ;                  ;                                ;                                ;
;     -- Registered Input Ports               ; 0    ; 4                ; 10                             ; 0                              ;
;     -- Registered Output Ports              ; 0    ; 26               ; 7                              ; 0                              ;
;                                             ;      ;                  ;                                ;                                ;
; Port Connectivity                           ;      ;                  ;                                ;                                ;
;     -- Input Ports driven by GND            ; 0    ; 1                ; 0                              ; 0                              ;
;     -- Output Ports driven by GND           ; 0    ; 1                ; 0                              ; 0                              ;
;     -- Input Ports driven by VCC            ; 0    ; 0                ; 0                              ; 0                              ;
;     -- Output Ports driven by VCC           ; 0    ; 0                ; 0                              ; 0                              ;
;     -- Input Ports with no Source           ; 0    ; 1                ; 35                             ; 0                              ;
;     -- Output Ports with no Source          ; 0    ; 0                ; 0                              ; 0                              ;
;     -- Input Ports with no Fanout           ; 0    ; 2                ; 40                             ; 0                              ;
;     -- Output Ports with no Fanout          ; 0    ; 15               ; 7                              ; 0                              ;
+---------------------------------------------+------+------------------+--------------------------------+--------------------------------+
Note: Resource usage numbers presented for Partitions containing post-synthesis logic are estimates.  For Partitions containing post-fit logic, resource usage numbers are accurate based on previous placement information.  Actual Fitter results may vary depending on current Fitter Preservation Level assignments.


+-----------------------------------------------------+
; Partition Merge Resource Usage Summary              ;
+---------------------------------------------+-------+
; Resource                                    ; Usage ;
+---------------------------------------------+-------+
; Estimated Total logic elements              ; 778   ;
;                                             ;       ;
; Total combinational functions               ; 644   ;
; Logic element usage by number of LUT inputs ;       ;
;     -- 4 input functions                    ; 289   ;
;     -- 3 input functions                    ; 189   ;
;     -- <=2 input functions                  ; 166   ;
;                                             ;       ;
; Logic elements by mode                      ;       ;
;     -- normal mode                          ; 543   ;
;     -- arithmetic mode                      ; 101   ;
;                                             ;       ;
; Total registers                             ; 338   ;
;     -- Dedicated logic registers            ; 338   ;
;     -- I/O registers                        ; 0     ;
;                                             ;       ;
; I/O pins                                    ; 77    ;
; Total memory bits                           ; 384   ;
; Embedded Multiplier 9-bit elements          ; 0     ;
; Maximum fan-out                             ; 241   ;
; Total fan-out                               ; 3226  ;
; Average fan-out                             ; 3.02  ;
+---------------------------------------------+-------+


+-----------------------------------------------------------------------------------------------------------------------------------------------------------------------------------------------------------------------------------------------------------------------------------------------------------+
; Partition Merge RAM Summary                                                                                                                                                                                                                                                                               ;
+-------------------------------------------------------------------------------------------------------------------------------------------------------------------------------------------------------+------+------------------+--------------+--------------+--------------+--------------+------+------+
; Name                                                                                                                                                                                                  ; Type ; Mode             ; Port A Depth ; Port A Width ; Port B Depth ; Port B Width ; Size ; MIF  ;
+-------------------------------------------------------------------------------------------------------------------------------------------------------------------------------------------------------+------+------------------+--------------+--------------+--------------+--------------+------+------+
; sld_signaltap:auto_signaltap_0|sld_signaltap_impl:sld_signaltap_body|sld_signaltap_implb:sld_signaltap_body|altsyncram:\stp_non_zero_ram_gen:stp_buffer_ram|altsyncram_km14:auto_generated|ALTSYNCRAM ; AUTO ; Simple Dual Port ; 128          ; 3            ; 128          ; 3            ; 384  ; None ;
+-------------------------------------------------------------------------------------------------------------------------------------------------------------------------------------------------------+------+------------------+--------------+--------------+--------------+--------------+------+------+


+--------------------------+
; Partition Merge Messages ;
+--------------------------+
Info: *******************************************************************
Info: Running Quartus II 32-bit Partition Merge
    Info: Version 12.1 Build 243 01/31/2013 Service Pack 1 SJ Web Edition
    Info: Processing started: Thu Oct 31 09:44:05 2019
Info: Command: quartus_cdb --read_settings_files=off --write_settings_files=off lab6 -c lab6 --merge=on
Warning (35010): Previously generated Fitter netlist for partition "Top" is older than current Synthesis netlist -- using the current Synthesis netlist instead to ensure that the latest source changes are included
    Info (35011): Set the option to Ignore source file changes to force the Quartus II software to always use a previously generated Fitter netlist
Info (35007): Using synthesis netlist for partition "Top"
Info (35007): Using synthesis netlist for partition "sld_hub:auto_hub"
Info (35007): Using synthesis netlist for partition "sld_signaltap:auto_signaltap_0"
Info (35024): Succesfully connected in-system debug instance "auto_signaltap_0" to all 7 required data inputs, trigger inputs, acquisition clocks, and dynamic pins
Info (35002): Resolved and merged 3 partition(s)
Info (16010): Generating hard_block partition "hard_block:auto_generated_inst"
    Info (16011): Adding 0 node(s), including 0 DDIO, 0 PLL, 0 transceiver and 0 LCELL
Warning (21074): Design contains 1 input pin(s) that do not drive logic
    Warning (15610): No output dependent on input pin "SW[16]"
Info (21057): Implemented 875 device resources after synthesis - the final resource count might be different
    Info (21058): Implemented 22 input pins
    Info (21059): Implemented 59 output pins
    Info (21061): Implemented 790 logic cells
    Info (21064): Implemented 3 RAM segments
Info: Quartus II 32-bit Partition Merge was successful. 0 errors, 3 warnings
    Info: Peak virtual memory: 312 megabytes
    Info: Processing ended: Thu Oct 31 09:44:07 2019
    Info: Elapsed time: 00:00:02
    Info: Total CPU time (on all processors): 00:00:01


