Analysis & Synthesis report for lab5
Thu Oct 24 12:32:21 2019
Quartus II 32-bit Version 12.1 Build 243 01/31/2013 Service Pack 1 SJ Web Edition


---------------------
; Table of Contents ;
---------------------
  1. Legal Notice
  2. Analysis & Synthesis Summary
  3. Analysis & Synthesis Settings
  4. Parallel Compilation
  5. Analysis & Synthesis Source Files Read
  6. Analysis & Synthesis Resource Usage Summary
  7. Analysis & Synthesis Resource Utilization by Entity
  8. General Register Statistics
  9. Port Connectivity Checks: "partA:lab5a|add8Serial:comb_3|adder8:comb_13"
 10. Elapsed Time Per Partition
 11. Analysis & Synthesis Messages



----------------
; Legal Notice ;
----------------
Copyright (C) 1991-2012 Altera Corporation
Your use of Altera Corporation's design tools, logic functions 
and other software and tools, and its AMPP partner logic 
functions, and any output files from any of the foregoing 
(including device programming or simulation files), and any 
associated documentation or information are expressly subject 
to the terms and conditions of the Altera Program License 
Subscription Agreement, Altera MegaCore Function License 
Agreement, or other applicable license agreement, including, 
without limitation, that your use is for the sole purpose of 
programming logic devices manufactured by Altera and sold by 
Altera or its authorized distributors.  Please refer to the 
applicable agreement for further details.



+------------------------------------------------------------------------------------+
; Analysis & Synthesis Summary                                                       ;
+------------------------------------+-----------------------------------------------+
; Analysis & Synthesis Status        ; Successful - Thu Oct 24 12:32:21 2019         ;
; Quartus II 32-bit Version          ; 12.1 Build 243 01/31/2013 SP 1 SJ Web Edition ;
; Revision Name                      ; lab5                                          ;
; Top-level Entity Name              ; lab5                                          ;
; Family                             ; Cyclone II                                    ;
; Total logic elements               ; 309                                           ;
;     Total combinational functions  ; 309                                           ;
;     Dedicated logic registers      ; 0                                             ;
; Total registers                    ; 0                                             ;
; Total pins                         ; 74                                            ;
; Total virtual pins                 ; 0                                             ;
; Total memory bits                  ; 0                                             ;
; Embedded Multiplier 9-bit elements ; 0                                             ;
; Total PLLs                         ; 0                                             ;
+------------------------------------+-----------------------------------------------+


+----------------------------------------------------------------------------------------------------------------------+
; Analysis & Synthesis Settings                                                                                        ;
+----------------------------------------------------------------------------+--------------------+--------------------+
; Option                                                                     ; Setting            ; Default Value      ;
+----------------------------------------------------------------------------+--------------------+--------------------+
; Device                                                                     ; EP2C35F672C6       ;                    ;
; Top-level entity name                                                      ; lab5               ; lab5               ;
; Family name                                                                ; Cyclone II         ; Cyclone IV GX      ;
; Use smart compilation                                                      ; Off                ; Off                ;
; Enable parallel Assembler and TimeQuest Timing Analyzer during compilation ; On                 ; On                 ;
; Enable compact report table                                                ; Off                ; Off                ;
; Restructure Multiplexers                                                   ; Auto               ; Auto               ;
; Create Debugging Nodes for IP Cores                                        ; Off                ; Off                ;
; Preserve fewer node names                                                  ; On                 ; On                 ;
; Disable OpenCore Plus hardware evaluation                                  ; Off                ; Off                ;
; Verilog Version                                                            ; Verilog_2001       ; Verilog_2001       ;
; VHDL Version                                                               ; VHDL_1993          ; VHDL_1993          ;
; State Machine Processing                                                   ; Auto               ; Auto               ;
; Safe State Machine                                                         ; Off                ; Off                ;
; Extract Verilog State Machines                                             ; On                 ; On                 ;
; Extract VHDL State Machines                                                ; On                 ; On                 ;
; Ignore Verilog initial constructs                                          ; Off                ; Off                ;
; Iteration limit for constant Verilog loops                                 ; 5000               ; 5000               ;
; Iteration limit for non-constant Verilog loops                             ; 250                ; 250                ;
; Add Pass-Through Logic to Inferred RAMs                                    ; On                 ; On                 ;
; Infer RAMs from Raw Logic                                                  ; On                 ; On                 ;
; Parallel Synthesis                                                         ; On                 ; On                 ;
; DSP Block Balancing                                                        ; Auto               ; Auto               ;
; NOT Gate Push-Back                                                         ; On                 ; On                 ;
; Power-Up Don't Care                                                        ; On                 ; On                 ;
; Remove Redundant Logic Cells                                               ; Off                ; Off                ;
; Remove Duplicate Registers                                                 ; On                 ; On                 ;
; Ignore CARRY Buffers                                                       ; Off                ; Off                ;
; Ignore CASCADE Buffers                                                     ; Off                ; Off                ;
; Ignore GLOBAL Buffers                                                      ; Off                ; Off                ;
; Ignore ROW GLOBAL Buffers                                                  ; Off                ; Off                ;
; Ignore LCELL Buffers                                                       ; Off                ; Off                ;
; Ignore SOFT Buffers                                                        ; On                 ; On                 ;
; Limit AHDL Integers to 32 Bits                                             ; Off                ; Off                ;
; Optimization Technique                                                     ; Balanced           ; Balanced           ;
; Carry Chain Length                                                         ; 70                 ; 70                 ;
; Auto Carry Chains                                                          ; On                 ; On                 ;
; Auto Open-Drain Pins                                                       ; On                 ; On                 ;
; Perform WYSIWYG Primitive Resynthesis                                      ; Off                ; Off                ;
; Auto ROM Replacement                                                       ; On                 ; On                 ;
; Auto RAM Replacement                                                       ; On                 ; On                 ;
; Auto Shift Register Replacement                                            ; Auto               ; Auto               ;
; Allow Shift Register Merging across Hierarchies                            ; Auto               ; Auto               ;
; Auto Clock Enable Replacement                                              ; On                 ; On                 ;
; Strict RAM Replacement                                                     ; Off                ; Off                ;
; Allow Synchronous Control Signals                                          ; On                 ; On                 ;
; Force Use of Synchronous Clear Signals                                     ; Off                ; Off                ;
; Auto RAM to Logic Cell Conversion                                          ; Off                ; Off                ;
; Auto Resource Sharing                                                      ; Off                ; Off                ;
; Allow Any RAM Size For Recognition                                         ; Off                ; Off                ;
; Allow Any ROM Size For Recognition                                         ; Off                ; Off                ;
; Allow Any Shift Register Size For Recognition                              ; Off                ; Off                ;
; Use LogicLock Constraints during Resource Balancing                        ; On                 ; On                 ;
; Ignore translate_off and synthesis_off directives                          ; Off                ; Off                ;
; Timing-Driven Synthesis                                                    ; Off                ; Off                ;
; Report Parameter Settings                                                  ; On                 ; On                 ;
; Report Source Assignments                                                  ; On                 ; On                 ;
; Report Connectivity Checks                                                 ; On                 ; On                 ;
; Ignore Maximum Fan-Out Assignments                                         ; Off                ; Off                ;
; Synchronization Register Chain Length                                      ; 2                  ; 2                  ;
; PowerPlay Power Optimization                                               ; Normal compilation ; Normal compilation ;
; HDL message level                                                          ; Level2             ; Level2             ;
; Suppress Register Optimization Related Messages                            ; Off                ; Off                ;
; Number of Removed Registers Reported in Synthesis Report                   ; 5000               ; 5000               ;
; Number of Swept Nodes Reported in Synthesis Report                         ; 5000               ; 5000               ;
; Number of Inverted Registers Reported in Synthesis Report                  ; 100                ; 100                ;
; Clock MUX Protection                                                       ; On                 ; On                 ;
; Auto Gated Clock Conversion                                                ; Off                ; Off                ;
; Block Design Naming                                                        ; Auto               ; Auto               ;
; SDC constraint protection                                                  ; Off                ; Off                ;
; Synthesis Effort                                                           ; Auto               ; Auto               ;
; Shift Register Replacement - Allow Asynchronous Clear Signal               ; On                 ; On                 ;
; Pre-Mapping Resynthesis Optimization                                       ; Off                ; Off                ;
; Analysis & Synthesis Message Level                                         ; Medium             ; Medium             ;
; Disable Register Merging Across Hierarchies                                ; Auto               ; Auto               ;
; Resource Aware Inference For Block RAM                                     ; On                 ; On                 ;
; Synthesis Seed                                                             ; 1                  ; 1                  ;
+----------------------------------------------------------------------------+--------------------+--------------------+


+------------------------------------------+
; Parallel Compilation                     ;
+----------------------------+-------------+
; Processors                 ; Number      ;
+----------------------------+-------------+
; Number detected on machine ; 12          ;
; Maximum allowed            ; 6           ;
;                            ;             ;
; Average used               ; 1.00        ;
; Maximum used               ; 1           ;
;                            ;             ;
; Usage by Processor         ; % Time Used ;
;     1 processor            ; 100.0%      ;
;     2-12 processors        ;   0.0%      ;
+----------------------------+-------------+


+----------------------------------------------------------------------------------------------------------------------+
; Analysis & Synthesis Source Files Read                                                                               ;
+----------------------------------+-----------------+------------------------+------------------------------+---------+
; File Name with User-Entered Path ; Used in Netlist ; File Type              ; File Name with Absolute Path ; Library ;
+----------------------------------+-----------------+------------------------+------------------------------+---------+
; lab5.v                           ; yes             ; User Verilog HDL File  ; Z:/3201/lab5/lab5.v          ;         ;
+----------------------------------+-----------------+------------------------+------------------------------+---------+


+-----------------------------------------------------+
; Analysis & Synthesis Resource Usage Summary         ;
+---------------------------------------------+-------+
; Resource                                    ; Usage ;
+---------------------------------------------+-------+
; Estimated Total logic elements              ; 309   ;
;                                             ;       ;
; Total combinational functions               ; 309   ;
; Logic element usage by number of LUT inputs ;       ;
;     -- 4 input functions                    ; 156   ;
;     -- 3 input functions                    ; 74    ;
;     -- <=2 input functions                  ; 79    ;
;                                             ;       ;
; Logic elements by mode                      ;       ;
;     -- normal mode                          ; 248   ;
;     -- arithmetic mode                      ; 61    ;
;                                             ;       ;
; Total registers                             ; 0     ;
;     -- Dedicated logic registers            ; 0     ;
;     -- I/O registers                        ; 0     ;
;                                             ;       ;
; I/O pins                                    ; 74    ;
; Embedded Multiplier 9-bit elements          ; 0     ;
; Maximum fan-out                             ; 28    ;
; Total fan-out                               ; 1049  ;
; Average fan-out                             ; 2.74  ;
+---------------------------------------------+-------+


+-------------------------------------------------------------------------------------------------------------------------------------------------------------------------------------------------------------------------------------+
; Analysis & Synthesis Resource Utilization by Entity                                                                                                                                                                                 ;
+-------------------------------------+-------------------+--------------+-------------+--------------+---------+-----------+------+--------------+--------------------------------------------------------------------+--------------+
; Compilation Hierarchy Node          ; LC Combinationals ; LC Registers ; Memory Bits ; DSP Elements ; DSP 9x9 ; DSP 18x18 ; Pins ; Virtual Pins ; Full Hierarchy Name                                                ; Library Name ;
+-------------------------------------+-------------------+--------------+-------------+--------------+---------+-----------+------+--------------+--------------------------------------------------------------------+--------------+
; |lab5                               ; 309 (0)           ; 0 (0)        ; 0           ; 0            ; 0       ; 0         ; 74   ; 0            ; |lab5                                                              ;              ;
;    |bus16mux:resMux|                ; 3 (3)             ; 0 (0)        ; 0           ; 0            ; 0       ; 0         ; 0    ; 0            ; |lab5|bus16mux:resMux                                              ;              ;
;    |fourDigTo7Seg:displayRes|       ; 28 (0)            ; 0 (0)        ; 0           ; 0            ; 0       ; 0         ; 0    ; 0            ; |lab5|fourDigTo7Seg:displayRes                                     ;              ;
;       |twoDigTo7Seg:comb_3|         ; 14 (0)            ; 0 (0)        ; 0           ; 0            ; 0       ; 0         ; 0    ; 0            ; |lab5|fourDigTo7Seg:displayRes|twoDigTo7Seg:comb_3                 ;              ;
;          |sevenSeg:DBig|            ; 7 (7)             ; 0 (0)        ; 0           ; 0            ; 0       ; 0         ; 0    ; 0            ; |lab5|fourDigTo7Seg:displayRes|twoDigTo7Seg:comb_3|sevenSeg:DBig   ;              ;
;          |sevenSeg:DSmall|          ; 7 (7)             ; 0 (0)        ; 0           ; 0            ; 0       ; 0         ; 0    ; 0            ; |lab5|fourDigTo7Seg:displayRes|twoDigTo7Seg:comb_3|sevenSeg:DSmall ;              ;
;       |twoDigTo7Seg:comb_4|         ; 14 (0)            ; 0 (0)        ; 0           ; 0            ; 0       ; 0         ; 0    ; 0            ; |lab5|fourDigTo7Seg:displayRes|twoDigTo7Seg:comb_4                 ;              ;
;          |sevenSeg:DBig|            ; 7 (7)             ; 0 (0)        ; 0           ; 0            ; 0       ; 0         ; 0    ; 0            ; |lab5|fourDigTo7Seg:displayRes|twoDigTo7Seg:comb_4|sevenSeg:DBig   ;              ;
;          |sevenSeg:DSmall|          ; 7 (7)             ; 0 (0)        ; 0           ; 0            ; 0       ; 0         ; 0    ; 0            ; |lab5|fourDigTo7Seg:displayRes|twoDigTo7Seg:comb_4|sevenSeg:DSmall ;              ;
;    |partA:lab5a|                    ; 112 (0)           ; 0 (0)        ; 0           ; 0            ; 0       ; 0         ; 0    ; 0            ; |lab5|partA:lab5a                                                  ;              ;
;       |add8Serial:comb_3|           ; 108 (0)           ; 0 (0)        ; 0           ; 0            ; 0       ; 0         ; 0    ; 0            ; |lab5|partA:lab5a|add8Serial:comb_3                                ;              ;
;          |adder8:ab1|               ; 16 (0)            ; 0 (0)        ; 0           ; 0            ; 0       ; 0         ; 0    ; 0            ; |lab5|partA:lab5a|add8Serial:comb_3|adder8:ab1                     ;              ;
;             |fulladder:f0|          ; 2 (2)             ; 0 (0)        ; 0           ; 0            ; 0       ; 0         ; 0    ; 0            ; |lab5|partA:lab5a|add8Serial:comb_3|adder8:ab1|fulladder:f0        ;              ;
;             |fulladder:f1|          ; 2 (2)             ; 0 (0)        ; 0           ; 0            ; 0       ; 0         ; 0    ; 0            ; |lab5|partA:lab5a|add8Serial:comb_3|adder8:ab1|fulladder:f1        ;              ;
;             |fulladder:f2|          ; 2 (2)             ; 0 (0)        ; 0           ; 0            ; 0       ; 0         ; 0    ; 0            ; |lab5|partA:lab5a|add8Serial:comb_3|adder8:ab1|fulladder:f2        ;              ;
;             |fulladder:f3|          ; 2 (2)             ; 0 (0)        ; 0           ; 0            ; 0       ; 0         ; 0    ; 0            ; |lab5|partA:lab5a|add8Serial:comb_3|adder8:ab1|fulladder:f3        ;              ;
;             |fulladder:f4|          ; 2 (2)             ; 0 (0)        ; 0           ; 0            ; 0       ; 0         ; 0    ; 0            ; |lab5|partA:lab5a|add8Serial:comb_3|adder8:ab1|fulladder:f4        ;              ;
;             |fulladder:f5|          ; 2 (2)             ; 0 (0)        ; 0           ; 0            ; 0       ; 0         ; 0    ; 0            ; |lab5|partA:lab5a|add8Serial:comb_3|adder8:ab1|fulladder:f5        ;              ;
;             |fulladder:f6|          ; 2 (2)             ; 0 (0)        ; 0           ; 0            ; 0       ; 0         ; 0    ; 0            ; |lab5|partA:lab5a|add8Serial:comb_3|adder8:ab1|fulladder:f6        ;              ;
;             |fulladder:f7|          ; 2 (2)             ; 0 (0)        ; 0           ; 0            ; 0       ; 0         ; 0    ; 0            ; |lab5|partA:lab5a|add8Serial:comb_3|adder8:ab1|fulladder:f7        ;              ;
;          |adder8:comb_13|           ; 12 (0)            ; 0 (0)        ; 0           ; 0            ; 0       ; 0         ; 0    ; 0            ; |lab5|partA:lab5a|add8Serial:comb_3|adder8:comb_13                 ;              ;
;             |fulladder:f1|          ; 2 (2)             ; 0 (0)        ; 0           ; 0            ; 0       ; 0         ; 0    ; 0            ; |lab5|partA:lab5a|add8Serial:comb_3|adder8:comb_13|fulladder:f1    ;              ;
;             |fulladder:f2|          ; 2 (2)             ; 0 (0)        ; 0           ; 0            ; 0       ; 0         ; 0    ; 0            ; |lab5|partA:lab5a|add8Serial:comb_3|adder8:comb_13|fulladder:f2    ;              ;
;             |fulladder:f3|          ; 2 (2)             ; 0 (0)        ; 0           ; 0            ; 0       ; 0         ; 0    ; 0            ; |lab5|partA:lab5a|add8Serial:comb_3|adder8:comb_13|fulladder:f3    ;              ;
;             |fulladder:f4|          ; 2 (2)             ; 0 (0)        ; 0           ; 0            ; 0       ; 0         ; 0    ; 0            ; |lab5|partA:lab5a|add8Serial:comb_3|adder8:comb_13|fulladder:f4    ;              ;
;             |fulladder:f5|          ; 2 (2)             ; 0 (0)        ; 0           ; 0            ; 0       ; 0         ; 0    ; 0            ; |lab5|partA:lab5a|add8Serial:comb_3|adder8:comb_13|fulladder:f5    ;              ;
;             |fulladder:f6|          ; 2 (2)             ; 0 (0)        ; 0           ; 0            ; 0       ; 0         ; 0    ; 0            ; |lab5|partA:lab5a|add8Serial:comb_3|adder8:comb_13|fulladder:f6    ;              ;
;          |adder8:comb_23|           ; 16 (0)            ; 0 (0)        ; 0           ; 0            ; 0       ; 0         ; 0    ; 0            ; |lab5|partA:lab5a|add8Serial:comb_3|adder8:comb_23                 ;              ;
;             |fulladder:f0|          ; 2 (2)             ; 0 (0)        ; 0           ; 0            ; 0       ; 0         ; 0    ; 0            ; |lab5|partA:lab5a|add8Serial:comb_3|adder8:comb_23|fulladder:f0    ;              ;
;             |fulladder:f1|          ; 2 (2)             ; 0 (0)        ; 0           ; 0            ; 0       ; 0         ; 0    ; 0            ; |lab5|partA:lab5a|add8Serial:comb_3|adder8:comb_23|fulladder:f1    ;              ;
;             |fulladder:f2|          ; 2 (2)             ; 0 (0)        ; 0           ; 0            ; 0       ; 0         ; 0    ; 0            ; |lab5|partA:lab5a|add8Serial:comb_3|adder8:comb_23|fulladder:f2    ;              ;
;             |fulladder:f3|          ; 2 (2)             ; 0 (0)        ; 0           ; 0            ; 0       ; 0         ; 0    ; 0            ; |lab5|partA:lab5a|add8Serial:comb_3|adder8:comb_23|fulladder:f3    ;              ;
;             |fulladder:f4|          ; 2 (2)             ; 0 (0)        ; 0           ; 0            ; 0       ; 0         ; 0    ; 0            ; |lab5|partA:lab5a|add8Serial:comb_3|adder8:comb_23|fulladder:f4    ;              ;
;             |fulladder:f5|          ; 2 (2)             ; 0 (0)        ; 0           ; 0            ; 0       ; 0         ; 0    ; 0            ; |lab5|partA:lab5a|add8Serial:comb_3|adder8:comb_23|fulladder:f5    ;              ;
;             |fulladder:f6|          ; 2 (2)             ; 0 (0)        ; 0           ; 0            ; 0       ; 0         ; 0    ; 0            ; |lab5|partA:lab5a|add8Serial:comb_3|adder8:comb_23|fulladder:f6    ;              ;
;             |fulladder:f7|          ; 2 (2)             ; 0 (0)        ; 0           ; 0            ; 0       ; 0         ; 0    ; 0            ; |lab5|partA:lab5a|add8Serial:comb_3|adder8:comb_23|fulladder:f7    ;              ;
;          |adder8:comb_33|           ; 16 (0)            ; 0 (0)        ; 0           ; 0            ; 0       ; 0         ; 0    ; 0            ; |lab5|partA:lab5a|add8Serial:comb_3|adder8:comb_33                 ;              ;
;             |fulladder:f0|          ; 2 (2)             ; 0 (0)        ; 0           ; 0            ; 0       ; 0         ; 0    ; 0            ; |lab5|partA:lab5a|add8Serial:comb_3|adder8:comb_33|fulladder:f0    ;              ;
;             |fulladder:f1|          ; 2 (2)             ; 0 (0)        ; 0           ; 0            ; 0       ; 0         ; 0    ; 0            ; |lab5|partA:lab5a|add8Serial:comb_3|adder8:comb_33|fulladder:f1    ;              ;
;             |fulladder:f2|          ; 2 (2)             ; 0 (0)        ; 0           ; 0            ; 0       ; 0         ; 0    ; 0            ; |lab5|partA:lab5a|add8Serial:comb_3|adder8:comb_33|fulladder:f2    ;              ;
;             |fulladder:f3|          ; 2 (2)             ; 0 (0)        ; 0           ; 0            ; 0       ; 0         ; 0    ; 0            ; |lab5|partA:lab5a|add8Serial:comb_3|adder8:comb_33|fulladder:f3    ;              ;
;             |fulladder:f4|          ; 2 (2)             ; 0 (0)        ; 0           ; 0            ; 0       ; 0         ; 0    ; 0            ; |lab5|partA:lab5a|add8Serial:comb_3|adder8:comb_33|fulladder:f4    ;              ;
;             |fulladder:f5|          ; 2 (2)             ; 0 (0)        ; 0           ; 0            ; 0       ; 0         ; 0    ; 0            ; |lab5|partA:lab5a|add8Serial:comb_3|adder8:comb_33|fulladder:f5    ;              ;
;             |fulladder:f6|          ; 2 (2)             ; 0 (0)        ; 0           ; 0            ; 0       ; 0         ; 0    ; 0            ; |lab5|partA:lab5a|add8Serial:comb_3|adder8:comb_33|fulladder:f6    ;              ;
;             |fulladder:f7|          ; 2 (2)             ; 0 (0)        ; 0           ; 0            ; 0       ; 0         ; 0    ; 0            ; |lab5|partA:lab5a|add8Serial:comb_3|adder8:comb_33|fulladder:f7    ;              ;
;          |adder8:comb_43|           ; 16 (0)            ; 0 (0)        ; 0           ; 0            ; 0       ; 0         ; 0    ; 0            ; |lab5|partA:lab5a|add8Serial:comb_3|adder8:comb_43                 ;              ;
;             |fulladder:f0|          ; 2 (2)             ; 0 (0)        ; 0           ; 0            ; 0       ; 0         ; 0    ; 0            ; |lab5|partA:lab5a|add8Serial:comb_3|adder8:comb_43|fulladder:f0    ;              ;
;             |fulladder:f1|          ; 2 (2)             ; 0 (0)        ; 0           ; 0            ; 0       ; 0         ; 0    ; 0            ; |lab5|partA:lab5a|add8Serial:comb_3|adder8:comb_43|fulladder:f1    ;              ;
;             |fulladder:f2|          ; 2 (2)             ; 0 (0)        ; 0           ; 0            ; 0       ; 0         ; 0    ; 0            ; |lab5|partA:lab5a|add8Serial:comb_3|adder8:comb_43|fulladder:f2    ;              ;
;             |fulladder:f3|          ; 2 (2)             ; 0 (0)        ; 0           ; 0            ; 0       ; 0         ; 0    ; 0            ; |lab5|partA:lab5a|add8Serial:comb_3|adder8:comb_43|fulladder:f3    ;              ;
;             |fulladder:f4|          ; 2 (2)             ; 0 (0)        ; 0           ; 0            ; 0       ; 0         ; 0    ; 0            ; |lab5|partA:lab5a|add8Serial:comb_3|adder8:comb_43|fulladder:f4    ;              ;
;             |fulladder:f5|          ; 2 (2)             ; 0 (0)        ; 0           ; 0            ; 0       ; 0         ; 0    ; 0            ; |lab5|partA:lab5a|add8Serial:comb_3|adder8:comb_43|fulladder:f5    ;              ;
;             |fulladder:f6|          ; 2 (2)             ; 0 (0)        ; 0           ; 0            ; 0       ; 0         ; 0    ; 0            ; |lab5|partA:lab5a|add8Serial:comb_3|adder8:comb_43|fulladder:f6    ;              ;
;             |fulladder:f7|          ; 2 (2)             ; 0 (0)        ; 0           ; 0            ; 0       ; 0         ; 0    ; 0            ; |lab5|partA:lab5a|add8Serial:comb_3|adder8:comb_43|fulladder:f7    ;              ;
;          |adder8:comb_53|           ; 16 (0)            ; 0 (0)        ; 0           ; 0            ; 0       ; 0         ; 0    ; 0            ; |lab5|partA:lab5a|add8Serial:comb_3|adder8:comb_53                 ;              ;
;             |fulladder:f0|          ; 2 (2)             ; 0 (0)        ; 0           ; 0            ; 0       ; 0         ; 0    ; 0            ; |lab5|partA:lab5a|add8Serial:comb_3|adder8:comb_53|fulladder:f0    ;              ;
;             |fulladder:f1|          ; 2 (2)             ; 0 (0)        ; 0           ; 0            ; 0       ; 0         ; 0    ; 0            ; |lab5|partA:lab5a|add8Serial:comb_3|adder8:comb_53|fulladder:f1    ;              ;
;             |fulladder:f2|          ; 2 (2)             ; 0 (0)        ; 0           ; 0            ; 0       ; 0         ; 0    ; 0            ; |lab5|partA:lab5a|add8Serial:comb_3|adder8:comb_53|fulladder:f2    ;              ;
;             |fulladder:f3|          ; 2 (2)             ; 0 (0)        ; 0           ; 0            ; 0       ; 0         ; 0    ; 0            ; |lab5|partA:lab5a|add8Serial:comb_3|adder8:comb_53|fulladder:f3    ;              ;
;             |fulladder:f4|          ; 2 (2)             ; 0 (0)        ; 0           ; 0            ; 0       ; 0         ; 0    ; 0            ; |lab5|partA:lab5a|add8Serial:comb_3|adder8:comb_53|fulladder:f4    ;              ;
;             |fulladder:f5|          ; 2 (2)             ; 0 (0)        ; 0           ; 0            ; 0       ; 0         ; 0    ; 0            ; |lab5|partA:lab5a|add8Serial:comb_3|adder8:comb_53|fulladder:f5    ;              ;
;             |fulladder:f6|          ; 2 (2)             ; 0 (0)        ; 0           ; 0            ; 0       ; 0         ; 0    ; 0            ; |lab5|partA:lab5a|add8Serial:comb_3|adder8:comb_53|fulladder:f6    ;              ;
;             |fulladder:f7|          ; 2 (2)             ; 0 (0)        ; 0           ; 0            ; 0       ; 0         ; 0    ; 0            ; |lab5|partA:lab5a|add8Serial:comb_3|adder8:comb_53|fulladder:f7    ;              ;
;          |adder8:comb_63|           ; 16 (0)            ; 0 (0)        ; 0           ; 0            ; 0       ; 0         ; 0    ; 0            ; |lab5|partA:lab5a|add8Serial:comb_3|adder8:comb_63                 ;              ;
;             |fulladder:f0|          ; 2 (2)             ; 0 (0)        ; 0           ; 0            ; 0       ; 0         ; 0    ; 0            ; |lab5|partA:lab5a|add8Serial:comb_3|adder8:comb_63|fulladder:f0    ;              ;
;             |fulladder:f1|          ; 2 (2)             ; 0 (0)        ; 0           ; 0            ; 0       ; 0         ; 0    ; 0            ; |lab5|partA:lab5a|add8Serial:comb_3|adder8:comb_63|fulladder:f1    ;              ;
;             |fulladder:f2|          ; 2 (2)             ; 0 (0)        ; 0           ; 0            ; 0       ; 0         ; 0    ; 0            ; |lab5|partA:lab5a|add8Serial:comb_3|adder8:comb_63|fulladder:f2    ;              ;
;             |fulladder:f3|          ; 2 (2)             ; 0 (0)        ; 0           ; 0            ; 0       ; 0         ; 0    ; 0            ; |lab5|partA:lab5a|add8Serial:comb_3|adder8:comb_63|fulladder:f3    ;              ;
;             |fulladder:f4|          ; 2 (2)             ; 0 (0)        ; 0           ; 0            ; 0       ; 0         ; 0    ; 0            ; |lab5|partA:lab5a|add8Serial:comb_3|adder8:comb_63|fulladder:f4    ;              ;
;             |fulladder:f5|          ; 2 (2)             ; 0 (0)        ; 0           ; 0            ; 0       ; 0         ; 0    ; 0            ; |lab5|partA:lab5a|add8Serial:comb_3|adder8:comb_63|fulladder:f5    ;              ;
;             |fulladder:f6|          ; 2 (2)             ; 0 (0)        ; 0           ; 0            ; 0       ; 0         ; 0    ; 0            ; |lab5|partA:lab5a|add8Serial:comb_3|adder8:comb_63|fulladder:f6    ;              ;
;             |fulladder:f7|          ; 2 (2)             ; 0 (0)        ; 0           ; 0            ; 0       ; 0         ; 0    ; 0            ; |lab5|partA:lab5a|add8Serial:comb_3|adder8:comb_63|fulladder:f7    ;              ;
;       |multiply8to8:m88|            ; 4 (0)             ; 0 (0)        ; 0           ; 0            ; 0       ; 0         ; 0    ; 0            ; |lab5|partA:lab5a|multiply8to8:m88                                 ;              ;
;          |multiply8to1:mult[0].ab1| ; 1 (1)             ; 0 (0)        ; 0           ; 0            ; 0       ; 0         ; 0    ; 0            ; |lab5|partA:lab5a|multiply8to8:m88|multiply8to1:mult[0].ab1        ;              ;
;          |multiply8to1:mult[1].ab1| ; 1 (1)             ; 0 (0)        ; 0           ; 0            ; 0       ; 0         ; 0    ; 0            ; |lab5|partA:lab5a|multiply8to8:m88|multiply8to1:mult[1].ab1        ;              ;
;          |multiply8to1:mult[2].ab1| ; 1 (1)             ; 0 (0)        ; 0           ; 0            ; 0       ; 0         ; 0    ; 0            ; |lab5|partA:lab5a|multiply8to8:m88|multiply8to1:mult[2].ab1        ;              ;
;          |multiply8to1:mult[4].ab1| ; 1 (1)             ; 0 (0)        ; 0           ; 0            ; 0       ; 0         ; 0    ; 0            ; |lab5|partA:lab5a|multiply8to8:m88|multiply8to1:mult[4].ab1        ;              ;
;    |partB:lab5b|                    ; 138 (0)           ; 0 (0)        ; 0           ; 0            ; 0       ; 0         ; 0    ; 0            ; |lab5|partB:lab5b                                                  ;              ;
;       |add8Paralell:comb_3|         ; 80 (80)           ; 0 (0)        ; 0           ; 0            ; 0       ; 0         ; 0    ; 0            ; |lab5|partB:lab5b|add8Paralell:comb_3                              ;              ;
;       |multiply8to8:m88|            ; 58 (0)            ; 0 (0)        ; 0           ; 0            ; 0       ; 0         ; 0    ; 0            ; |lab5|partB:lab5b|multiply8to8:m88                                 ;              ;
;          |multiply8to1:mult[0].ab1| ; 6 (6)             ; 0 (0)        ; 0           ; 0            ; 0       ; 0         ; 0    ; 0            ; |lab5|partB:lab5b|multiply8to8:m88|multiply8to1:mult[0].ab1        ;              ;
;          |multiply8to1:mult[1].ab1| ; 7 (7)             ; 0 (0)        ; 0           ; 0            ; 0       ; 0         ; 0    ; 0            ; |lab5|partB:lab5b|multiply8to8:m88|multiply8to1:mult[1].ab1        ;              ;
;          |multiply8to1:mult[2].ab1| ; 7 (7)             ; 0 (0)        ; 0           ; 0            ; 0       ; 0         ; 0    ; 0            ; |lab5|partB:lab5b|multiply8to8:m88|multiply8to1:mult[2].ab1        ;              ;
;          |multiply8to1:mult[3].ab1| ; 8 (8)             ; 0 (0)        ; 0           ; 0            ; 0       ; 0         ; 0    ; 0            ; |lab5|partB:lab5b|multiply8to8:m88|multiply8to1:mult[3].ab1        ;              ;
;          |multiply8to1:mult[4].ab1| ; 7 (7)             ; 0 (0)        ; 0           ; 0            ; 0       ; 0         ; 0    ; 0            ; |lab5|partB:lab5b|multiply8to8:m88|multiply8to1:mult[4].ab1        ;              ;
;          |multiply8to1:mult[5].ab1| ; 8 (8)             ; 0 (0)        ; 0           ; 0            ; 0       ; 0         ; 0    ; 0            ; |lab5|partB:lab5b|multiply8to8:m88|multiply8to1:mult[5].ab1        ;              ;
;          |multiply8to1:mult[6].ab1| ; 8 (8)             ; 0 (0)        ; 0           ; 0            ; 0       ; 0         ; 0    ; 0            ; |lab5|partB:lab5b|multiply8to8:m88|multiply8to1:mult[6].ab1        ;              ;
;          |multiply8to1:mult[7].ab1| ; 7 (7)             ; 0 (0)        ; 0           ; 0            ; 0       ; 0         ; 0    ; 0            ; |lab5|partB:lab5b|multiply8to8:m88|multiply8to1:mult[7].ab1        ;              ;
;    |twoDigTo7Seg:displayA|          ; 14 (0)            ; 0 (0)        ; 0           ; 0            ; 0       ; 0         ; 0    ; 0            ; |lab5|twoDigTo7Seg:displayA                                        ;              ;
;       |sevenSeg:DBig|               ; 7 (7)             ; 0 (0)        ; 0           ; 0            ; 0       ; 0         ; 0    ; 0            ; |lab5|twoDigTo7Seg:displayA|sevenSeg:DBig                          ;              ;
;       |sevenSeg:DSmall|             ; 7 (7)             ; 0 (0)        ; 0           ; 0            ; 0       ; 0         ; 0    ; 0            ; |lab5|twoDigTo7Seg:displayA|sevenSeg:DSmall                        ;              ;
;    |twoDigTo7Seg:displayB|          ; 14 (0)            ; 0 (0)        ; 0           ; 0            ; 0       ; 0         ; 0    ; 0            ; |lab5|twoDigTo7Seg:displayB                                        ;              ;
;       |sevenSeg:DBig|               ; 7 (7)             ; 0 (0)        ; 0           ; 0            ; 0       ; 0         ; 0    ; 0            ; |lab5|twoDigTo7Seg:displayB|sevenSeg:DBig                          ;              ;
;       |sevenSeg:DSmall|             ; 7 (7)             ; 0 (0)        ; 0           ; 0            ; 0       ; 0         ; 0    ; 0            ; |lab5|twoDigTo7Seg:displayB|sevenSeg:DSmall                        ;              ;
+-------------------------------------+-------------------+--------------+-------------+--------------+---------+-----------+------+--------------+--------------------------------------------------------------------+--------------+
Note: For table entries with two numbers listed, the numbers in parentheses indicate the number of resources of the given type used by the specific entity alone. The numbers listed outside of parentheses indicate the total resources of the given type used by the specific entity and all of its sub-entities in the hierarchy.


+------------------------------------------------------+
; General Register Statistics                          ;
+----------------------------------------------+-------+
; Statistic                                    ; Value ;
+----------------------------------------------+-------+
; Total registers                              ; 0     ;
; Number of registers using Synchronous Clear  ; 0     ;
; Number of registers using Synchronous Load   ; 0     ;
; Number of registers using Asynchronous Clear ; 0     ;
; Number of registers using Asynchronous Load  ; 0     ;
; Number of registers using Clock Enable       ; 0     ;
; Number of registers using Preset             ; 0     ;
+----------------------------------------------+-------+


+--------------------------------------------------------------------------+
; Port Connectivity Checks: "partA:lab5a|add8Serial:comb_3|adder8:comb_13" ;
+------+-------+----------+------------------------------------------------+
; Port ; Type  ; Severity ; Details                                        ;
+------+-------+----------+------------------------------------------------+
; a[7] ; Input ; Info     ; Stuck at GND                                   ;
; cin  ; Input ; Info     ; Stuck at GND                                   ;
+------+-------+----------+------------------------------------------------+


+-------------------------------+
; Elapsed Time Per Partition    ;
+----------------+--------------+
; Partition Name ; Elapsed Time ;
+----------------+--------------+
; Top            ; 00:00:00     ;
+----------------+--------------+


+-------------------------------+
; Analysis & Synthesis Messages ;
+-------------------------------+
Info: *******************************************************************
Info: Running Quartus II 32-bit Analysis & Synthesis
    Info: Version 12.1 Build 243 01/31/2013 Service Pack 1 SJ Web Edition
    Info: Processing started: Thu Oct 24 12:32:14 2019
Info: Command: quartus_map --read_settings_files=on --write_settings_files=off lab5 -c lab5
Info (11104): Parallel Compilation has detected 12 hyper-threaded processors. However, the extra hyper-threaded processors will not be used by default. Parallel Compilation will use 6 of the 6 physical processors detected instead.
Info (12021): Found 14 design units, including 14 entities, in source file lab5.v
    Info (12023): Found entity 1: sevenSeg
    Info (12023): Found entity 2: twoDigTo7Seg
    Info (12023): Found entity 3: fourDigTo7Seg
    Info (12023): Found entity 4: fulladder
    Info (12023): Found entity 5: adder8
    Info (12023): Found entity 6: bus16mux
    Info (12023): Found entity 7: multiply8to1
    Info (12023): Found entity 8: multiply8to8
    Info (12023): Found entity 9: add8Serial
    Info (12023): Found entity 10: add8Paralell
    Info (12023): Found entity 11: partA
    Info (12023): Found entity 12: partB
    Info (12023): Found entity 13: inputTester
    Info (12023): Found entity 14: lab5
Critical Warning (10846): Verilog HDL Instantiation warning at lab5.v(40): instance has no name
Critical Warning (10846): Verilog HDL Instantiation warning at lab5.v(41): instance has no name
Critical Warning (10846): Verilog HDL Instantiation warning at lab5.v(158): instance has no name
Critical Warning (10846): Verilog HDL Instantiation warning at lab5.v(221): instance has no name
Critical Warning (10846): Verilog HDL Instantiation warning at lab5.v(231): instance has no name
Info (12127): Elaborating entity "lab5" for the top level hierarchy
Info (12128): Elaborating entity "partA" for hierarchy "partA:lab5a"
Info (12128): Elaborating entity "multiply8to8" for hierarchy "partA:lab5a|multiply8to8:m88"
Info (12128): Elaborating entity "multiply8to1" for hierarchy "partA:lab5a|multiply8to8:m88|multiply8to1:mult[0].ab1"
Info (12128): Elaborating entity "add8Serial" for hierarchy "partA:lab5a|add8Serial:comb_3"
Info (12128): Elaborating entity "adder8" for hierarchy "partA:lab5a|add8Serial:comb_3|adder8:comb_13"
Info (12128): Elaborating entity "fulladder" for hierarchy "partA:lab5a|add8Serial:comb_3|adder8:comb_13|fulladder:f0"
Info (12128): Elaborating entity "partB" for hierarchy "partB:lab5b"
Info (12128): Elaborating entity "add8Paralell" for hierarchy "partB:lab5b|add8Paralell:comb_3"
Info (12128): Elaborating entity "bus16mux" for hierarchy "bus16mux:resMux"
Info (12128): Elaborating entity "twoDigTo7Seg" for hierarchy "twoDigTo7Seg:displayA"
Info (12128): Elaborating entity "sevenSeg" for hierarchy "twoDigTo7Seg:displayA|sevenSeg:DBig"
Info (12128): Elaborating entity "fourDigTo7Seg" for hierarchy "fourDigTo7Seg:displayRes"
Info (16010): Generating hard_block partition "hard_block:auto_generated_inst"
    Info (16011): Adding 0 node(s), including 0 DDIO, 0 PLL, 0 transceiver and 0 LCELL
Warning (21074): Design contains 1 input pin(s) that do not drive logic
    Warning (15610): No output dependent on input pin "SW[16]"
Info (21057): Implemented 383 device resources after synthesis - the final resource count might be different
    Info (21058): Implemented 18 input pins
    Info (21059): Implemented 56 output pins
    Info (21061): Implemented 309 logic cells
Info: Quartus II 32-bit Analysis & Synthesis was successful. 0 errors, 7 warnings
    Info: Peak virtual memory: 418 megabytes
    Info: Processing ended: Thu Oct 24 12:32:21 2019
    Info: Elapsed time: 00:00:07
    Info: Total CPU time (on all processors): 00:00:02


