Analysis & Synthesis report for lab7
Thu Nov 07 09:39:01 2019
Quartus II 32-bit Version 12.1 Build 243 01/31/2013 Service Pack 1 SJ Web Edition


---------------------
; Table of Contents ;
---------------------
  1. Legal Notice
  2. Analysis & Synthesis Summary
  3. Analysis & Synthesis Settings
  4. Parallel Compilation
  5. Analysis & Synthesis Source Files Read
  6. Analysis & Synthesis Resource Usage Summary
  7. Analysis & Synthesis Resource Utilization by Entity
  8. Logic Cells Representing Combinational Loops
  9. General Register Statistics
 10. Port Connectivity Checks: "part5:comb_24|CPMSDFlipFlop:ffB[15]"
 11. Port Connectivity Checks: "part5:comb_24|CPMSDFlipFlop:ffB[14]"
 12. Port Connectivity Checks: "part5:comb_24|CPMSDFlipFlop:ffB[13]"
 13. Port Connectivity Checks: "part5:comb_24|CPMSDFlipFlop:ffB[12]"
 14. Port Connectivity Checks: "part5:comb_24|CPMSDFlipFlop:ffB[11]"
 15. Port Connectivity Checks: "part5:comb_24|CPMSDFlipFlop:ffB[10]"
 16. Port Connectivity Checks: "part5:comb_24|CPMSDFlipFlop:ffB[9]"
 17. Port Connectivity Checks: "part5:comb_24|CPMSDFlipFlop:ffB[8]"
 18. Port Connectivity Checks: "part5:comb_24|CPMSDFlipFlop:ffB[7]"
 19. Port Connectivity Checks: "part5:comb_24|CPMSDFlipFlop:ffB[6]"
 20. Port Connectivity Checks: "part5:comb_24|CPMSDFlipFlop:ffB[5]"
 21. Port Connectivity Checks: "part5:comb_24|CPMSDFlipFlop:ffB[4]"
 22. Port Connectivity Checks: "part5:comb_24|CPMSDFlipFlop:ffB[3]"
 23. Port Connectivity Checks: "part5:comb_24|CPMSDFlipFlop:ffB[2]"
 24. Port Connectivity Checks: "part5:comb_24|CPMSDFlipFlop:ffB[1]"
 25. Port Connectivity Checks: "part5:comb_24|CPMSDFlipFlop:ffB[0]"
 26. Port Connectivity Checks: "part5:comb_24|CPMSDFlipFlop:ffA[15]"
 27. Port Connectivity Checks: "part5:comb_24|CPMSDFlipFlop:ffA[14]"
 28. Port Connectivity Checks: "part5:comb_24|CPMSDFlipFlop:ffA[13]"
 29. Port Connectivity Checks: "part5:comb_24|CPMSDFlipFlop:ffA[12]"
 30. Port Connectivity Checks: "part5:comb_24|CPMSDFlipFlop:ffA[11]"
 31. Port Connectivity Checks: "part5:comb_24|CPMSDFlipFlop:ffA[10]"
 32. Port Connectivity Checks: "part5:comb_24|CPMSDFlipFlop:ffA[9]"
 33. Port Connectivity Checks: "part5:comb_24|CPMSDFlipFlop:ffA[8]"
 34. Port Connectivity Checks: "part5:comb_24|CPMSDFlipFlop:ffA[7]"
 35. Port Connectivity Checks: "part5:comb_24|CPMSDFlipFlop:ffA[6]"
 36. Port Connectivity Checks: "part5:comb_24|CPMSDFlipFlop:ffA[5]"
 37. Port Connectivity Checks: "part5:comb_24|CPMSDFlipFlop:ffA[4]"
 38. Port Connectivity Checks: "part5:comb_24|CPMSDFlipFlop:ffA[3]"
 39. Port Connectivity Checks: "part5:comb_24|CPMSDFlipFlop:ffA[2]"
 40. Port Connectivity Checks: "part5:comb_24|CPMSDFlipFlop:ffA[1]"
 41. Port Connectivity Checks: "part5:comb_24|CPMSDFlipFlop:ffA[0]"
 42. Elapsed Time Per Partition
 43. Analysis & Synthesis Messages



----------------
; Legal Notice ;
----------------
Copyright (C) 1991-2012 Altera Corporation
Your use of Altera Corporation's design tools, logic functions 
and other software and tools, and its AMPP partner logic 
functions, and any output files from any of the foregoing 
(including device programming or simulation files), and any 
associated documentation or information are expressly subject 
to the terms and conditions of the Altera Program License 
Subscription Agreement, Altera MegaCore Function License 
Agreement, or other applicable license agreement, including, 
without limitation, that your use is for the sole purpose of 
programming logic devices manufactured by Altera and sold by 
Altera or its authorized distributors.  Please refer to the 
applicable agreement for further details.



+------------------------------------------------------------------------------------+
; Analysis & Synthesis Summary                                                       ;
+------------------------------------+-----------------------------------------------+
; Analysis & Synthesis Status        ; Successful - Thu Nov 07 09:39:01 2019         ;
; Quartus II 32-bit Version          ; 12.1 Build 243 01/31/2013 SP 1 SJ Web Edition ;
; Revision Name                      ; lab7                                          ;
; Top-level Entity Name              ; lab7                                          ;
; Family                             ; Cyclone II                                    ;
; Total logic elements               ; 122                                           ;
;     Total combinational functions  ; 122                                           ;
;     Dedicated logic registers      ; 0                                             ;
; Total registers                    ; 0                                             ;
; Total pins                         ; 96                                            ;
; Total virtual pins                 ; 0                                             ;
; Total memory bits                  ; 0                                             ;
; Embedded Multiplier 9-bit elements ; 0                                             ;
; Total PLLs                         ; 0                                             ;
+------------------------------------+-----------------------------------------------+


+----------------------------------------------------------------------------------------------------------------------+
; Analysis & Synthesis Settings                                                                                        ;
+----------------------------------------------------------------------------+--------------------+--------------------+
; Option                                                                     ; Setting            ; Default Value      ;
+----------------------------------------------------------------------------+--------------------+--------------------+
; Device                                                                     ; EP2C35F672C6       ;                    ;
; Top-level entity name                                                      ; lab7               ; lab7               ;
; Family name                                                                ; Cyclone II         ; Cyclone IV GX      ;
; Use smart compilation                                                      ; Off                ; Off                ;
; Enable parallel Assembler and TimeQuest Timing Analyzer during compilation ; On                 ; On                 ;
; Enable compact report table                                                ; Off                ; Off                ;
; Restructure Multiplexers                                                   ; Auto               ; Auto               ;
; Create Debugging Nodes for IP Cores                                        ; Off                ; Off                ;
; Preserve fewer node names                                                  ; On                 ; On                 ;
; Disable OpenCore Plus hardware evaluation                                  ; Off                ; Off                ;
; Verilog Version                                                            ; Verilog_2001       ; Verilog_2001       ;
; VHDL Version                                                               ; VHDL_1993          ; VHDL_1993          ;
; State Machine Processing                                                   ; Auto               ; Auto               ;
; Safe State Machine                                                         ; Off                ; Off                ;
; Extract Verilog State Machines                                             ; On                 ; On                 ;
; Extract VHDL State Machines                                                ; On                 ; On                 ;
; Ignore Verilog initial constructs                                          ; Off                ; Off                ;
; Iteration limit for constant Verilog loops                                 ; 5000               ; 5000               ;
; Iteration limit for non-constant Verilog loops                             ; 250                ; 250                ;
; Add Pass-Through Logic to Inferred RAMs                                    ; On                 ; On                 ;
; Infer RAMs from Raw Logic                                                  ; On                 ; On                 ;
; Parallel Synthesis                                                         ; On                 ; On                 ;
; DSP Block Balancing                                                        ; Auto               ; Auto               ;
; NOT Gate Push-Back                                                         ; On                 ; On                 ;
; Power-Up Don't Care                                                        ; On                 ; On                 ;
; Remove Redundant Logic Cells                                               ; Off                ; Off                ;
; Remove Duplicate Registers                                                 ; On                 ; On                 ;
; Ignore CARRY Buffers                                                       ; Off                ; Off                ;
; Ignore CASCADE Buffers                                                     ; Off                ; Off                ;
; Ignore GLOBAL Buffers                                                      ; Off                ; Off                ;
; Ignore ROW GLOBAL Buffers                                                  ; Off                ; Off                ;
; Ignore LCELL Buffers                                                       ; Off                ; Off                ;
; Ignore SOFT Buffers                                                        ; On                 ; On                 ;
; Limit AHDL Integers to 32 Bits                                             ; Off                ; Off                ;
; Optimization Technique                                                     ; Balanced           ; Balanced           ;
; Carry Chain Length                                                         ; 70                 ; 70                 ;
; Auto Carry Chains                                                          ; On                 ; On                 ;
; Auto Open-Drain Pins                                                       ; On                 ; On                 ;
; Perform WYSIWYG Primitive Resynthesis                                      ; Off                ; Off                ;
; Auto ROM Replacement                                                       ; On                 ; On                 ;
; Auto RAM Replacement                                                       ; On                 ; On                 ;
; Auto Shift Register Replacement                                            ; Auto               ; Auto               ;
; Allow Shift Register Merging across Hierarchies                            ; Auto               ; Auto               ;
; Auto Clock Enable Replacement                                              ; On                 ; On                 ;
; Strict RAM Replacement                                                     ; Off                ; Off                ;
; Allow Synchronous Control Signals                                          ; On                 ; On                 ;
; Force Use of Synchronous Clear Signals                                     ; Off                ; Off                ;
; Auto RAM to Logic Cell Conversion                                          ; Off                ; Off                ;
; Auto Resource Sharing                                                      ; Off                ; Off                ;
; Allow Any RAM Size For Recognition                                         ; Off                ; Off                ;
; Allow Any ROM Size For Recognition                                         ; Off                ; Off                ;
; Allow Any Shift Register Size For Recognition                              ; Off                ; Off                ;
; Use LogicLock Constraints during Resource Balancing                        ; On                 ; On                 ;
; Ignore translate_off and synthesis_off directives                          ; Off                ; Off                ;
; Timing-Driven Synthesis                                                    ; Off                ; Off                ;
; Report Parameter Settings                                                  ; On                 ; On                 ;
; Report Source Assignments                                                  ; On                 ; On                 ;
; Report Connectivity Checks                                                 ; On                 ; On                 ;
; Ignore Maximum Fan-Out Assignments                                         ; Off                ; Off                ;
; Synchronization Register Chain Length                                      ; 2                  ; 2                  ;
; PowerPlay Power Optimization                                               ; Normal compilation ; Normal compilation ;
; HDL message level                                                          ; Level2             ; Level2             ;
; Suppress Register Optimization Related Messages                            ; Off                ; Off                ;
; Number of Removed Registers Reported in Synthesis Report                   ; 5000               ; 5000               ;
; Number of Swept Nodes Reported in Synthesis Report                         ; 5000               ; 5000               ;
; Number of Inverted Registers Reported in Synthesis Report                  ; 100                ; 100                ;
; Clock MUX Protection                                                       ; On                 ; On                 ;
; Auto Gated Clock Conversion                                                ; Off                ; Off                ;
; Block Design Naming                                                        ; Auto               ; Auto               ;
; SDC constraint protection                                                  ; Off                ; Off                ;
; Synthesis Effort                                                           ; Auto               ; Auto               ;
; Shift Register Replacement - Allow Asynchronous Clear Signal               ; On                 ; On                 ;
; Pre-Mapping Resynthesis Optimization                                       ; Off                ; Off                ;
; Analysis & Synthesis Message Level                                         ; Medium             ; Medium             ;
; Disable Register Merging Across Hierarchies                                ; Auto               ; Auto               ;
; Resource Aware Inference For Block RAM                                     ; On                 ; On                 ;
; Synthesis Seed                                                             ; 1                  ; 1                  ;
+----------------------------------------------------------------------------+--------------------+--------------------+


+------------------------------------------+
; Parallel Compilation                     ;
+----------------------------+-------------+
; Processors                 ; Number      ;
+----------------------------+-------------+
; Number detected on machine ; 12          ;
; Maximum allowed            ; 6           ;
;                            ;             ;
; Average used               ; 1.00        ;
; Maximum used               ; 1           ;
;                            ;             ;
; Usage by Processor         ; % Time Used ;
;     1 processor            ; 100.0%      ;
;     2-12 processors        ;   0.0%      ;
+----------------------------+-------------+


+----------------------------------------------------------------------------------------------------------------------+
; Analysis & Synthesis Source Files Read                                                                               ;
+----------------------------------+-----------------+------------------------+------------------------------+---------+
; File Name with User-Entered Path ; Used in Netlist ; File Type              ; File Name with Absolute Path ; Library ;
+----------------------------------+-----------------+------------------------+------------------------------+---------+
; lab7.v                           ; yes             ; User Verilog HDL File  ; Z:/3201/lab7/lab7p5/lab7.v   ;         ;
; util.v                           ; yes             ; User Verilog HDL File  ; Z:/3201/lab7/lab7p5/util.v   ;         ;
; part5.v                          ; yes             ; User Verilog HDL File  ; Z:/3201/lab7/lab7p5/part5.v  ;         ;
+----------------------------------+-----------------+------------------------+------------------------------+---------+


+-----------------------------------------------------+
; Analysis & Synthesis Resource Usage Summary         ;
+---------------------------------------------+-------+
; Resource                                    ; Usage ;
+---------------------------------------------+-------+
; Estimated Total logic elements              ; 122   ;
;                                             ;       ;
; Total combinational functions               ; 122   ;
; Logic element usage by number of LUT inputs ;       ;
;     -- 4 input functions                    ; 120   ;
;     -- 3 input functions                    ; 0     ;
;     -- <=2 input functions                  ; 2     ;
;                                             ;       ;
; Logic elements by mode                      ;       ;
;     -- normal mode                          ; 122   ;
;     -- arithmetic mode                      ; 0     ;
;                                             ;       ;
; Total registers                             ; 0     ;
;     -- Dedicated logic registers            ; 0     ;
;     -- I/O registers                        ; 0     ;
;                                             ;       ;
; I/O pins                                    ; 96    ;
; Embedded Multiplier 9-bit elements          ; 0     ;
; Maximum fan-out                             ; 65    ;
; Total fan-out                               ; 542   ;
; Average fan-out                             ; 2.49  ;
+---------------------------------------------+-------+


+----------------------------------------------------------------------------------------------------------------------------------------------------------------------------------------------------------------------------+
; Analysis & Synthesis Resource Utilization by Entity                                                                                                                                                                        ;
+-------------------------------+-------------------+--------------+-------------+--------------+---------+-----------+------+--------------+-----------------------------------------------------------------+--------------+
; Compilation Hierarchy Node    ; LC Combinationals ; LC Registers ; Memory Bits ; DSP Elements ; DSP 9x9 ; DSP 18x18 ; Pins ; Virtual Pins ; Full Hierarchy Name                                             ; Library Name ;
+-------------------------------+-------------------+--------------+-------------+--------------+---------+-----------+------+--------------+-----------------------------------------------------------------+--------------+
; |lab7                         ; 122 (0)           ; 0 (0)        ; 0           ; 0            ; 0       ; 0         ; 96   ; 0            ; |lab7                                                           ;              ;
;    |fourDigTo7Seg:comb_25|    ; 28 (0)            ; 0 (0)        ; 0           ; 0            ; 0       ; 0         ; 0    ; 0            ; |lab7|fourDigTo7Seg:comb_25                                     ;              ;
;       |twoDigTo7Seg:comb_3|   ; 14 (0)            ; 0 (0)        ; 0           ; 0            ; 0       ; 0         ; 0    ; 0            ; |lab7|fourDigTo7Seg:comb_25|twoDigTo7Seg:comb_3                 ;              ;
;          |sevenSeg:DBig|      ; 7 (7)             ; 0 (0)        ; 0           ; 0            ; 0       ; 0         ; 0    ; 0            ; |lab7|fourDigTo7Seg:comb_25|twoDigTo7Seg:comb_3|sevenSeg:DBig   ;              ;
;          |sevenSeg:DSmall|    ; 7 (7)             ; 0 (0)        ; 0           ; 0            ; 0       ; 0         ; 0    ; 0            ; |lab7|fourDigTo7Seg:comb_25|twoDigTo7Seg:comb_3|sevenSeg:DSmall ;              ;
;       |twoDigTo7Seg:comb_4|   ; 14 (0)            ; 0 (0)        ; 0           ; 0            ; 0       ; 0         ; 0    ; 0            ; |lab7|fourDigTo7Seg:comb_25|twoDigTo7Seg:comb_4                 ;              ;
;          |sevenSeg:DBig|      ; 7 (7)             ; 0 (0)        ; 0           ; 0            ; 0       ; 0         ; 0    ; 0            ; |lab7|fourDigTo7Seg:comb_25|twoDigTo7Seg:comb_4|sevenSeg:DBig   ;              ;
;          |sevenSeg:DSmall|    ; 7 (7)             ; 0 (0)        ; 0           ; 0            ; 0       ; 0         ; 0    ; 0            ; |lab7|fourDigTo7Seg:comb_25|twoDigTo7Seg:comb_4|sevenSeg:DSmall ;              ;
;    |fourDigTo7Seg:comb_26|    ; 28 (0)            ; 0 (0)        ; 0           ; 0            ; 0       ; 0         ; 0    ; 0            ; |lab7|fourDigTo7Seg:comb_26                                     ;              ;
;       |twoDigTo7Seg:comb_3|   ; 14 (0)            ; 0 (0)        ; 0           ; 0            ; 0       ; 0         ; 0    ; 0            ; |lab7|fourDigTo7Seg:comb_26|twoDigTo7Seg:comb_3                 ;              ;
;          |sevenSeg:DBig|      ; 7 (7)             ; 0 (0)        ; 0           ; 0            ; 0       ; 0         ; 0    ; 0            ; |lab7|fourDigTo7Seg:comb_26|twoDigTo7Seg:comb_3|sevenSeg:DBig   ;              ;
;          |sevenSeg:DSmall|    ; 7 (7)             ; 0 (0)        ; 0           ; 0            ; 0       ; 0         ; 0    ; 0            ; |lab7|fourDigTo7Seg:comb_26|twoDigTo7Seg:comb_3|sevenSeg:DSmall ;              ;
;       |twoDigTo7Seg:comb_4|   ; 14 (0)            ; 0 (0)        ; 0           ; 0            ; 0       ; 0         ; 0    ; 0            ; |lab7|fourDigTo7Seg:comb_26|twoDigTo7Seg:comb_4                 ;              ;
;          |sevenSeg:DBig|      ; 7 (7)             ; 0 (0)        ; 0           ; 0            ; 0       ; 0         ; 0    ; 0            ; |lab7|fourDigTo7Seg:comb_26|twoDigTo7Seg:comb_4|sevenSeg:DBig   ;              ;
;          |sevenSeg:DSmall|    ; 7 (7)             ; 0 (0)        ; 0           ; 0            ; 0       ; 0         ; 0    ; 0            ; |lab7|fourDigTo7Seg:comb_26|twoDigTo7Seg:comb_4|sevenSeg:DSmall ;              ;
;    |part5:comb_24|            ; 66 (2)            ; 0 (0)        ; 0           ; 0            ; 0       ; 0         ; 0    ; 0            ; |lab7|part5:comb_24                                             ;              ;
;       |CPMSDFlipFlop:ffA[0]|  ; 2 (0)             ; 0 (0)        ; 0           ; 0            ; 0       ; 0         ; 0    ; 0            ; |lab7|part5:comb_24|CPMSDFlipFlop:ffA[0]                        ;              ;
;          |CPDLatch:master|    ; 1 (1)             ; 0 (0)        ; 0           ; 0            ; 0       ; 0         ; 0    ; 0            ; |lab7|part5:comb_24|CPMSDFlipFlop:ffA[0]|CPDLatch:master        ;              ;
;          |CPDLatch:slave|     ; 1 (1)             ; 0 (0)        ; 0           ; 0            ; 0       ; 0         ; 0    ; 0            ; |lab7|part5:comb_24|CPMSDFlipFlop:ffA[0]|CPDLatch:slave         ;              ;
;       |CPMSDFlipFlop:ffA[10]| ; 2 (0)             ; 0 (0)        ; 0           ; 0            ; 0       ; 0         ; 0    ; 0            ; |lab7|part5:comb_24|CPMSDFlipFlop:ffA[10]                       ;              ;
;          |CPDLatch:master|    ; 1 (1)             ; 0 (0)        ; 0           ; 0            ; 0       ; 0         ; 0    ; 0            ; |lab7|part5:comb_24|CPMSDFlipFlop:ffA[10]|CPDLatch:master       ;              ;
;          |CPDLatch:slave|     ; 1 (1)             ; 0 (0)        ; 0           ; 0            ; 0       ; 0         ; 0    ; 0            ; |lab7|part5:comb_24|CPMSDFlipFlop:ffA[10]|CPDLatch:slave        ;              ;
;       |CPMSDFlipFlop:ffA[11]| ; 2 (0)             ; 0 (0)        ; 0           ; 0            ; 0       ; 0         ; 0    ; 0            ; |lab7|part5:comb_24|CPMSDFlipFlop:ffA[11]                       ;              ;
;          |CPDLatch:master|    ; 1 (1)             ; 0 (0)        ; 0           ; 0            ; 0       ; 0         ; 0    ; 0            ; |lab7|part5:comb_24|CPMSDFlipFlop:ffA[11]|CPDLatch:master       ;              ;
;          |CPDLatch:slave|     ; 1 (1)             ; 0 (0)        ; 0           ; 0            ; 0       ; 0         ; 0    ; 0            ; |lab7|part5:comb_24|CPMSDFlipFlop:ffA[11]|CPDLatch:slave        ;              ;
;       |CPMSDFlipFlop:ffA[12]| ; 2 (0)             ; 0 (0)        ; 0           ; 0            ; 0       ; 0         ; 0    ; 0            ; |lab7|part5:comb_24|CPMSDFlipFlop:ffA[12]                       ;              ;
;          |CPDLatch:master|    ; 1 (1)             ; 0 (0)        ; 0           ; 0            ; 0       ; 0         ; 0    ; 0            ; |lab7|part5:comb_24|CPMSDFlipFlop:ffA[12]|CPDLatch:master       ;              ;
;          |CPDLatch:slave|     ; 1 (1)             ; 0 (0)        ; 0           ; 0            ; 0       ; 0         ; 0    ; 0            ; |lab7|part5:comb_24|CPMSDFlipFlop:ffA[12]|CPDLatch:slave        ;              ;
;       |CPMSDFlipFlop:ffA[13]| ; 2 (0)             ; 0 (0)        ; 0           ; 0            ; 0       ; 0         ; 0    ; 0            ; |lab7|part5:comb_24|CPMSDFlipFlop:ffA[13]                       ;              ;
;          |CPDLatch:master|    ; 1 (1)             ; 0 (0)        ; 0           ; 0            ; 0       ; 0         ; 0    ; 0            ; |lab7|part5:comb_24|CPMSDFlipFlop:ffA[13]|CPDLatch:master       ;              ;
;          |CPDLatch:slave|     ; 1 (1)             ; 0 (0)        ; 0           ; 0            ; 0       ; 0         ; 0    ; 0            ; |lab7|part5:comb_24|CPMSDFlipFlop:ffA[13]|CPDLatch:slave        ;              ;
;       |CPMSDFlipFlop:ffA[14]| ; 2 (0)             ; 0 (0)        ; 0           ; 0            ; 0       ; 0         ; 0    ; 0            ; |lab7|part5:comb_24|CPMSDFlipFlop:ffA[14]                       ;              ;
;          |CPDLatch:master|    ; 1 (1)             ; 0 (0)        ; 0           ; 0            ; 0       ; 0         ; 0    ; 0            ; |lab7|part5:comb_24|CPMSDFlipFlop:ffA[14]|CPDLatch:master       ;              ;
;          |CPDLatch:slave|     ; 1 (1)             ; 0 (0)        ; 0           ; 0            ; 0       ; 0         ; 0    ; 0            ; |lab7|part5:comb_24|CPMSDFlipFlop:ffA[14]|CPDLatch:slave        ;              ;
;       |CPMSDFlipFlop:ffA[15]| ; 2 (0)             ; 0 (0)        ; 0           ; 0            ; 0       ; 0         ; 0    ; 0            ; |lab7|part5:comb_24|CPMSDFlipFlop:ffA[15]                       ;              ;
;          |CPDLatch:master|    ; 1 (1)             ; 0 (0)        ; 0           ; 0            ; 0       ; 0         ; 0    ; 0            ; |lab7|part5:comb_24|CPMSDFlipFlop:ffA[15]|CPDLatch:master       ;              ;
;          |CPDLatch:slave|     ; 1 (1)             ; 0 (0)        ; 0           ; 0            ; 0       ; 0         ; 0    ; 0            ; |lab7|part5:comb_24|CPMSDFlipFlop:ffA[15]|CPDLatch:slave        ;              ;
;       |CPMSDFlipFlop:ffA[1]|  ; 2 (0)             ; 0 (0)        ; 0           ; 0            ; 0       ; 0         ; 0    ; 0            ; |lab7|part5:comb_24|CPMSDFlipFlop:ffA[1]                        ;              ;
;          |CPDLatch:master|    ; 1 (1)             ; 0 (0)        ; 0           ; 0            ; 0       ; 0         ; 0    ; 0            ; |lab7|part5:comb_24|CPMSDFlipFlop:ffA[1]|CPDLatch:master        ;              ;
;          |CPDLatch:slave|     ; 1 (1)             ; 0 (0)        ; 0           ; 0            ; 0       ; 0         ; 0    ; 0            ; |lab7|part5:comb_24|CPMSDFlipFlop:ffA[1]|CPDLatch:slave         ;              ;
;       |CPMSDFlipFlop:ffA[2]|  ; 2 (0)             ; 0 (0)        ; 0           ; 0            ; 0       ; 0         ; 0    ; 0            ; |lab7|part5:comb_24|CPMSDFlipFlop:ffA[2]                        ;              ;
;          |CPDLatch:master|    ; 1 (1)             ; 0 (0)        ; 0           ; 0            ; 0       ; 0         ; 0    ; 0            ; |lab7|part5:comb_24|CPMSDFlipFlop:ffA[2]|CPDLatch:master        ;              ;
;          |CPDLatch:slave|     ; 1 (1)             ; 0 (0)        ; 0           ; 0            ; 0       ; 0         ; 0    ; 0            ; |lab7|part5:comb_24|CPMSDFlipFlop:ffA[2]|CPDLatch:slave         ;              ;
;       |CPMSDFlipFlop:ffA[3]|  ; 2 (0)             ; 0 (0)        ; 0           ; 0            ; 0       ; 0         ; 0    ; 0            ; |lab7|part5:comb_24|CPMSDFlipFlop:ffA[3]                        ;              ;
;          |CPDLatch:master|    ; 1 (1)             ; 0 (0)        ; 0           ; 0            ; 0       ; 0         ; 0    ; 0            ; |lab7|part5:comb_24|CPMSDFlipFlop:ffA[3]|CPDLatch:master        ;              ;
;          |CPDLatch:slave|     ; 1 (1)             ; 0 (0)        ; 0           ; 0            ; 0       ; 0         ; 0    ; 0            ; |lab7|part5:comb_24|CPMSDFlipFlop:ffA[3]|CPDLatch:slave         ;              ;
;       |CPMSDFlipFlop:ffA[4]|  ; 2 (0)             ; 0 (0)        ; 0           ; 0            ; 0       ; 0         ; 0    ; 0            ; |lab7|part5:comb_24|CPMSDFlipFlop:ffA[4]                        ;              ;
;          |CPDLatch:master|    ; 1 (1)             ; 0 (0)        ; 0           ; 0            ; 0       ; 0         ; 0    ; 0            ; |lab7|part5:comb_24|CPMSDFlipFlop:ffA[4]|CPDLatch:master        ;              ;
;          |CPDLatch:slave|     ; 1 (1)             ; 0 (0)        ; 0           ; 0            ; 0       ; 0         ; 0    ; 0            ; |lab7|part5:comb_24|CPMSDFlipFlop:ffA[4]|CPDLatch:slave         ;              ;
;       |CPMSDFlipFlop:ffA[5]|  ; 2 (0)             ; 0 (0)        ; 0           ; 0            ; 0       ; 0         ; 0    ; 0            ; |lab7|part5:comb_24|CPMSDFlipFlop:ffA[5]                        ;              ;
;          |CPDLatch:master|    ; 1 (1)             ; 0 (0)        ; 0           ; 0            ; 0       ; 0         ; 0    ; 0            ; |lab7|part5:comb_24|CPMSDFlipFlop:ffA[5]|CPDLatch:master        ;              ;
;          |CPDLatch:slave|     ; 1 (1)             ; 0 (0)        ; 0           ; 0            ; 0       ; 0         ; 0    ; 0            ; |lab7|part5:comb_24|CPMSDFlipFlop:ffA[5]|CPDLatch:slave         ;              ;
;       |CPMSDFlipFlop:ffA[6]|  ; 2 (0)             ; 0 (0)        ; 0           ; 0            ; 0       ; 0         ; 0    ; 0            ; |lab7|part5:comb_24|CPMSDFlipFlop:ffA[6]                        ;              ;
;          |CPDLatch:master|    ; 1 (1)             ; 0 (0)        ; 0           ; 0            ; 0       ; 0         ; 0    ; 0            ; |lab7|part5:comb_24|CPMSDFlipFlop:ffA[6]|CPDLatch:master        ;              ;
;          |CPDLatch:slave|     ; 1 (1)             ; 0 (0)        ; 0           ; 0            ; 0       ; 0         ; 0    ; 0            ; |lab7|part5:comb_24|CPMSDFlipFlop:ffA[6]|CPDLatch:slave         ;              ;
;       |CPMSDFlipFlop:ffA[7]|  ; 2 (0)             ; 0 (0)        ; 0           ; 0            ; 0       ; 0         ; 0    ; 0            ; |lab7|part5:comb_24|CPMSDFlipFlop:ffA[7]                        ;              ;
;          |CPDLatch:master|    ; 1 (1)             ; 0 (0)        ; 0           ; 0            ; 0       ; 0         ; 0    ; 0            ; |lab7|part5:comb_24|CPMSDFlipFlop:ffA[7]|CPDLatch:master        ;              ;
;          |CPDLatch:slave|     ; 1 (1)             ; 0 (0)        ; 0           ; 0            ; 0       ; 0         ; 0    ; 0            ; |lab7|part5:comb_24|CPMSDFlipFlop:ffA[7]|CPDLatch:slave         ;              ;
;       |CPMSDFlipFlop:ffA[8]|  ; 2 (0)             ; 0 (0)        ; 0           ; 0            ; 0       ; 0         ; 0    ; 0            ; |lab7|part5:comb_24|CPMSDFlipFlop:ffA[8]                        ;              ;
;          |CPDLatch:master|    ; 1 (1)             ; 0 (0)        ; 0           ; 0            ; 0       ; 0         ; 0    ; 0            ; |lab7|part5:comb_24|CPMSDFlipFlop:ffA[8]|CPDLatch:master        ;              ;
;          |CPDLatch:slave|     ; 1 (1)             ; 0 (0)        ; 0           ; 0            ; 0       ; 0         ; 0    ; 0            ; |lab7|part5:comb_24|CPMSDFlipFlop:ffA[8]|CPDLatch:slave         ;              ;
;       |CPMSDFlipFlop:ffA[9]|  ; 2 (0)             ; 0 (0)        ; 0           ; 0            ; 0       ; 0         ; 0    ; 0            ; |lab7|part5:comb_24|CPMSDFlipFlop:ffA[9]                        ;              ;
;          |CPDLatch:master|    ; 1 (1)             ; 0 (0)        ; 0           ; 0            ; 0       ; 0         ; 0    ; 0            ; |lab7|part5:comb_24|CPMSDFlipFlop:ffA[9]|CPDLatch:master        ;              ;
;          |CPDLatch:slave|     ; 1 (1)             ; 0 (0)        ; 0           ; 0            ; 0       ; 0         ; 0    ; 0            ; |lab7|part5:comb_24|CPMSDFlipFlop:ffA[9]|CPDLatch:slave         ;              ;
;       |CPMSDFlipFlop:ffB[0]|  ; 2 (0)             ; 0 (0)        ; 0           ; 0            ; 0       ; 0         ; 0    ; 0            ; |lab7|part5:comb_24|CPMSDFlipFlop:ffB[0]                        ;              ;
;          |CPDLatch:master|    ; 1 (1)             ; 0 (0)        ; 0           ; 0            ; 0       ; 0         ; 0    ; 0            ; |lab7|part5:comb_24|CPMSDFlipFlop:ffB[0]|CPDLatch:master        ;              ;
;          |CPDLatch:slave|     ; 1 (1)             ; 0 (0)        ; 0           ; 0            ; 0       ; 0         ; 0    ; 0            ; |lab7|part5:comb_24|CPMSDFlipFlop:ffB[0]|CPDLatch:slave         ;              ;
;       |CPMSDFlipFlop:ffB[10]| ; 2 (0)             ; 0 (0)        ; 0           ; 0            ; 0       ; 0         ; 0    ; 0            ; |lab7|part5:comb_24|CPMSDFlipFlop:ffB[10]                       ;              ;
;          |CPDLatch:master|    ; 1 (1)             ; 0 (0)        ; 0           ; 0            ; 0       ; 0         ; 0    ; 0            ; |lab7|part5:comb_24|CPMSDFlipFlop:ffB[10]|CPDLatch:master       ;              ;
;          |CPDLatch:slave|     ; 1 (1)             ; 0 (0)        ; 0           ; 0            ; 0       ; 0         ; 0    ; 0            ; |lab7|part5:comb_24|CPMSDFlipFlop:ffB[10]|CPDLatch:slave        ;              ;
;       |CPMSDFlipFlop:ffB[11]| ; 2 (0)             ; 0 (0)        ; 0           ; 0            ; 0       ; 0         ; 0    ; 0            ; |lab7|part5:comb_24|CPMSDFlipFlop:ffB[11]                       ;              ;
;          |CPDLatch:master|    ; 1 (1)             ; 0 (0)        ; 0           ; 0            ; 0       ; 0         ; 0    ; 0            ; |lab7|part5:comb_24|CPMSDFlipFlop:ffB[11]|CPDLatch:master       ;              ;
;          |CPDLatch:slave|     ; 1 (1)             ; 0 (0)        ; 0           ; 0            ; 0       ; 0         ; 0    ; 0            ; |lab7|part5:comb_24|CPMSDFlipFlop:ffB[11]|CPDLatch:slave        ;              ;
;       |CPMSDFlipFlop:ffB[12]| ; 2 (0)             ; 0 (0)        ; 0           ; 0            ; 0       ; 0         ; 0    ; 0            ; |lab7|part5:comb_24|CPMSDFlipFlop:ffB[12]                       ;              ;
;          |CPDLatch:master|    ; 1 (1)             ; 0 (0)        ; 0           ; 0            ; 0       ; 0         ; 0    ; 0            ; |lab7|part5:comb_24|CPMSDFlipFlop:ffB[12]|CPDLatch:master       ;              ;
;          |CPDLatch:slave|     ; 1 (1)             ; 0 (0)        ; 0           ; 0            ; 0       ; 0         ; 0    ; 0            ; |lab7|part5:comb_24|CPMSDFlipFlop:ffB[12]|CPDLatch:slave        ;              ;
;       |CPMSDFlipFlop:ffB[13]| ; 2 (0)             ; 0 (0)        ; 0           ; 0            ; 0       ; 0         ; 0    ; 0            ; |lab7|part5:comb_24|CPMSDFlipFlop:ffB[13]                       ;              ;
;          |CPDLatch:master|    ; 1 (1)             ; 0 (0)        ; 0           ; 0            ; 0       ; 0         ; 0    ; 0            ; |lab7|part5:comb_24|CPMSDFlipFlop:ffB[13]|CPDLatch:master       ;              ;
;          |CPDLatch:slave|     ; 1 (1)             ; 0 (0)        ; 0           ; 0            ; 0       ; 0         ; 0    ; 0            ; |lab7|part5:comb_24|CPMSDFlipFlop:ffB[13]|CPDLatch:slave        ;              ;
;       |CPMSDFlipFlop:ffB[14]| ; 2 (0)             ; 0 (0)        ; 0           ; 0            ; 0       ; 0         ; 0    ; 0            ; |lab7|part5:comb_24|CPMSDFlipFlop:ffB[14]                       ;              ;
;          |CPDLatch:master|    ; 1 (1)             ; 0 (0)        ; 0           ; 0            ; 0       ; 0         ; 0    ; 0            ; |lab7|part5:comb_24|CPMSDFlipFlop:ffB[14]|CPDLatch:master       ;              ;
;          |CPDLatch:slave|     ; 1 (1)             ; 0 (0)        ; 0           ; 0            ; 0       ; 0         ; 0    ; 0            ; |lab7|part5:comb_24|CPMSDFlipFlop:ffB[14]|CPDLatch:slave        ;              ;
;       |CPMSDFlipFlop:ffB[15]| ; 2 (0)             ; 0 (0)        ; 0           ; 0            ; 0       ; 0         ; 0    ; 0            ; |lab7|part5:comb_24|CPMSDFlipFlop:ffB[15]                       ;              ;
;          |CPDLatch:master|    ; 1 (1)             ; 0 (0)        ; 0           ; 0            ; 0       ; 0         ; 0    ; 0            ; |lab7|part5:comb_24|CPMSDFlipFlop:ffB[15]|CPDLatch:master       ;              ;
;          |CPDLatch:slave|     ; 1 (1)             ; 0 (0)        ; 0           ; 0            ; 0       ; 0         ; 0    ; 0            ; |lab7|part5:comb_24|CPMSDFlipFlop:ffB[15]|CPDLatch:slave        ;              ;
;       |CPMSDFlipFlop:ffB[1]|  ; 2 (0)             ; 0 (0)        ; 0           ; 0            ; 0       ; 0         ; 0    ; 0            ; |lab7|part5:comb_24|CPMSDFlipFlop:ffB[1]                        ;              ;
;          |CPDLatch:master|    ; 1 (1)             ; 0 (0)        ; 0           ; 0            ; 0       ; 0         ; 0    ; 0            ; |lab7|part5:comb_24|CPMSDFlipFlop:ffB[1]|CPDLatch:master        ;              ;
;          |CPDLatch:slave|     ; 1 (1)             ; 0 (0)        ; 0           ; 0            ; 0       ; 0         ; 0    ; 0            ; |lab7|part5:comb_24|CPMSDFlipFlop:ffB[1]|CPDLatch:slave         ;              ;
;       |CPMSDFlipFlop:ffB[2]|  ; 2 (0)             ; 0 (0)        ; 0           ; 0            ; 0       ; 0         ; 0    ; 0            ; |lab7|part5:comb_24|CPMSDFlipFlop:ffB[2]                        ;              ;
;          |CPDLatch:master|    ; 1 (1)             ; 0 (0)        ; 0           ; 0            ; 0       ; 0         ; 0    ; 0            ; |lab7|part5:comb_24|CPMSDFlipFlop:ffB[2]|CPDLatch:master        ;              ;
;          |CPDLatch:slave|     ; 1 (1)             ; 0 (0)        ; 0           ; 0            ; 0       ; 0         ; 0    ; 0            ; |lab7|part5:comb_24|CPMSDFlipFlop:ffB[2]|CPDLatch:slave         ;              ;
;       |CPMSDFlipFlop:ffB[3]|  ; 2 (0)             ; 0 (0)        ; 0           ; 0            ; 0       ; 0         ; 0    ; 0            ; |lab7|part5:comb_24|CPMSDFlipFlop:ffB[3]                        ;              ;
;          |CPDLatch:master|    ; 1 (1)             ; 0 (0)        ; 0           ; 0            ; 0       ; 0         ; 0    ; 0            ; |lab7|part5:comb_24|CPMSDFlipFlop:ffB[3]|CPDLatch:master        ;              ;
;          |CPDLatch:slave|     ; 1 (1)             ; 0 (0)        ; 0           ; 0            ; 0       ; 0         ; 0    ; 0            ; |lab7|part5:comb_24|CPMSDFlipFlop:ffB[3]|CPDLatch:slave         ;              ;
;       |CPMSDFlipFlop:ffB[4]|  ; 2 (0)             ; 0 (0)        ; 0           ; 0            ; 0       ; 0         ; 0    ; 0            ; |lab7|part5:comb_24|CPMSDFlipFlop:ffB[4]                        ;              ;
;          |CPDLatch:master|    ; 1 (1)             ; 0 (0)        ; 0           ; 0            ; 0       ; 0         ; 0    ; 0            ; |lab7|part5:comb_24|CPMSDFlipFlop:ffB[4]|CPDLatch:master        ;              ;
;          |CPDLatch:slave|     ; 1 (1)             ; 0 (0)        ; 0           ; 0            ; 0       ; 0         ; 0    ; 0            ; |lab7|part5:comb_24|CPMSDFlipFlop:ffB[4]|CPDLatch:slave         ;              ;
;       |CPMSDFlipFlop:ffB[5]|  ; 2 (0)             ; 0 (0)        ; 0           ; 0            ; 0       ; 0         ; 0    ; 0            ; |lab7|part5:comb_24|CPMSDFlipFlop:ffB[5]                        ;              ;
;          |CPDLatch:master|    ; 1 (1)             ; 0 (0)        ; 0           ; 0            ; 0       ; 0         ; 0    ; 0            ; |lab7|part5:comb_24|CPMSDFlipFlop:ffB[5]|CPDLatch:master        ;              ;
;          |CPDLatch:slave|     ; 1 (1)             ; 0 (0)        ; 0           ; 0            ; 0       ; 0         ; 0    ; 0            ; |lab7|part5:comb_24|CPMSDFlipFlop:ffB[5]|CPDLatch:slave         ;              ;
;       |CPMSDFlipFlop:ffB[6]|  ; 2 (0)             ; 0 (0)        ; 0           ; 0            ; 0       ; 0         ; 0    ; 0            ; |lab7|part5:comb_24|CPMSDFlipFlop:ffB[6]                        ;              ;
;          |CPDLatch:master|    ; 1 (1)             ; 0 (0)        ; 0           ; 0            ; 0       ; 0         ; 0    ; 0            ; |lab7|part5:comb_24|CPMSDFlipFlop:ffB[6]|CPDLatch:master        ;              ;
;          |CPDLatch:slave|     ; 1 (1)             ; 0 (0)        ; 0           ; 0            ; 0       ; 0         ; 0    ; 0            ; |lab7|part5:comb_24|CPMSDFlipFlop:ffB[6]|CPDLatch:slave         ;              ;
;       |CPMSDFlipFlop:ffB[7]|  ; 2 (0)             ; 0 (0)        ; 0           ; 0            ; 0       ; 0         ; 0    ; 0            ; |lab7|part5:comb_24|CPMSDFlipFlop:ffB[7]                        ;              ;
;          |CPDLatch:master|    ; 1 (1)             ; 0 (0)        ; 0           ; 0            ; 0       ; 0         ; 0    ; 0            ; |lab7|part5:comb_24|CPMSDFlipFlop:ffB[7]|CPDLatch:master        ;              ;
;          |CPDLatch:slave|     ; 1 (1)             ; 0 (0)        ; 0           ; 0            ; 0       ; 0         ; 0    ; 0            ; |lab7|part5:comb_24|CPMSDFlipFlop:ffB[7]|CPDLatch:slave         ;              ;
;       |CPMSDFlipFlop:ffB[8]|  ; 2 (0)             ; 0 (0)        ; 0           ; 0            ; 0       ; 0         ; 0    ; 0            ; |lab7|part5:comb_24|CPMSDFlipFlop:ffB[8]                        ;              ;
;          |CPDLatch:master|    ; 1 (1)             ; 0 (0)        ; 0           ; 0            ; 0       ; 0         ; 0    ; 0            ; |lab7|part5:comb_24|CPMSDFlipFlop:ffB[8]|CPDLatch:master        ;              ;
;          |CPDLatch:slave|     ; 1 (1)             ; 0 (0)        ; 0           ; 0            ; 0       ; 0         ; 0    ; 0            ; |lab7|part5:comb_24|CPMSDFlipFlop:ffB[8]|CPDLatch:slave         ;              ;
;       |CPMSDFlipFlop:ffB[9]|  ; 2 (0)             ; 0 (0)        ; 0           ; 0            ; 0       ; 0         ; 0    ; 0            ; |lab7|part5:comb_24|CPMSDFlipFlop:ffB[9]                        ;              ;
;          |CPDLatch:master|    ; 1 (1)             ; 0 (0)        ; 0           ; 0            ; 0       ; 0         ; 0    ; 0            ; |lab7|part5:comb_24|CPMSDFlipFlop:ffB[9]|CPDLatch:master        ;              ;
;          |CPDLatch:slave|     ; 1 (1)             ; 0 (0)        ; 0           ; 0            ; 0       ; 0         ; 0    ; 0            ; |lab7|part5:comb_24|CPMSDFlipFlop:ffB[9]|CPDLatch:slave         ;              ;
+-------------------------------+-------------------+--------------+-------------+--------------+---------+-----------+------+--------------+-----------------------------------------------------------------+--------------+
Note: For table entries with two numbers listed, the numbers in parentheses indicate the number of resources of the given type used by the specific entity alone. The numbers listed outside of parentheses indicate the total resources of the given type used by the specific entity and all of its sub-entities in the hierarchy.


+-------------------------------------------------------------+
; Logic Cells Representing Combinational Loops                ;
+--------------------------------------------------------+----+
; Logic Cell Name                                        ;    ;
+--------------------------------------------------------+----+
; part5:comb_24|CPMSDFlipFlop:ffA[12]|CPDLatch:slave|Q   ;    ;
; part5:comb_24|CPMSDFlipFlop:ffA[13]|CPDLatch:slave|Q   ;    ;
; part5:comb_24|CPMSDFlipFlop:ffA[14]|CPDLatch:slave|Q   ;    ;
; part5:comb_24|CPMSDFlipFlop:ffA[15]|CPDLatch:slave|Q   ;    ;
; part5:comb_24|CPMSDFlipFlop:ffA[8]|CPDLatch:slave|Q    ;    ;
; part5:comb_24|CPMSDFlipFlop:ffA[9]|CPDLatch:slave|Q    ;    ;
; part5:comb_24|CPMSDFlipFlop:ffA[10]|CPDLatch:slave|Q   ;    ;
; part5:comb_24|CPMSDFlipFlop:ffA[11]|CPDLatch:slave|Q   ;    ;
; part5:comb_24|CPMSDFlipFlop:ffA[4]|CPDLatch:slave|Q    ;    ;
; part5:comb_24|CPMSDFlipFlop:ffA[5]|CPDLatch:slave|Q    ;    ;
; part5:comb_24|CPMSDFlipFlop:ffA[6]|CPDLatch:slave|Q    ;    ;
; part5:comb_24|CPMSDFlipFlop:ffA[7]|CPDLatch:slave|Q    ;    ;
; part5:comb_24|CPMSDFlipFlop:ffA[0]|CPDLatch:slave|Q    ;    ;
; part5:comb_24|CPMSDFlipFlop:ffA[1]|CPDLatch:slave|Q    ;    ;
; part5:comb_24|CPMSDFlipFlop:ffA[2]|CPDLatch:slave|Q    ;    ;
; part5:comb_24|CPMSDFlipFlop:ffA[3]|CPDLatch:slave|Q    ;    ;
; part5:comb_24|CPMSDFlipFlop:ffB[12]|CPDLatch:slave|Q   ;    ;
; part5:comb_24|CPMSDFlipFlop:ffB[13]|CPDLatch:slave|Q   ;    ;
; part5:comb_24|CPMSDFlipFlop:ffB[14]|CPDLatch:slave|Q   ;    ;
; part5:comb_24|CPMSDFlipFlop:ffB[15]|CPDLatch:slave|Q   ;    ;
; part5:comb_24|CPMSDFlipFlop:ffB[8]|CPDLatch:slave|Q    ;    ;
; part5:comb_24|CPMSDFlipFlop:ffB[9]|CPDLatch:slave|Q    ;    ;
; part5:comb_24|CPMSDFlipFlop:ffB[10]|CPDLatch:slave|Q   ;    ;
; part5:comb_24|CPMSDFlipFlop:ffB[11]|CPDLatch:slave|Q   ;    ;
; part5:comb_24|CPMSDFlipFlop:ffB[4]|CPDLatch:slave|Q    ;    ;
; part5:comb_24|CPMSDFlipFlop:ffB[5]|CPDLatch:slave|Q    ;    ;
; part5:comb_24|CPMSDFlipFlop:ffB[6]|CPDLatch:slave|Q    ;    ;
; part5:comb_24|CPMSDFlipFlop:ffB[7]|CPDLatch:slave|Q    ;    ;
; part5:comb_24|CPMSDFlipFlop:ffB[0]|CPDLatch:slave|Q    ;    ;
; part5:comb_24|CPMSDFlipFlop:ffB[1]|CPDLatch:slave|Q    ;    ;
; part5:comb_24|CPMSDFlipFlop:ffB[2]|CPDLatch:slave|Q    ;    ;
; part5:comb_24|CPMSDFlipFlop:ffB[3]|CPDLatch:slave|Q    ;    ;
; part5:comb_24|CPMSDFlipFlop:ffA[12]|CPDLatch:master|Q  ;    ;
; part5:comb_24|CPMSDFlipFlop:ffA[13]|CPDLatch:master|Q  ;    ;
; part5:comb_24|CPMSDFlipFlop:ffA[14]|CPDLatch:master|Q  ;    ;
; part5:comb_24|CPMSDFlipFlop:ffA[15]|CPDLatch:master|Q  ;    ;
; part5:comb_24|CPMSDFlipFlop:ffA[8]|CPDLatch:master|Q   ;    ;
; part5:comb_24|CPMSDFlipFlop:ffA[9]|CPDLatch:master|Q   ;    ;
; part5:comb_24|CPMSDFlipFlop:ffA[10]|CPDLatch:master|Q  ;    ;
; part5:comb_24|CPMSDFlipFlop:ffA[11]|CPDLatch:master|Q  ;    ;
; part5:comb_24|CPMSDFlipFlop:ffA[4]|CPDLatch:master|Q   ;    ;
; part5:comb_24|CPMSDFlipFlop:ffA[5]|CPDLatch:master|Q   ;    ;
; part5:comb_24|CPMSDFlipFlop:ffA[6]|CPDLatch:master|Q   ;    ;
; part5:comb_24|CPMSDFlipFlop:ffA[7]|CPDLatch:master|Q   ;    ;
; part5:comb_24|CPMSDFlipFlop:ffA[0]|CPDLatch:master|Q   ;    ;
; part5:comb_24|CPMSDFlipFlop:ffA[1]|CPDLatch:master|Q   ;    ;
; part5:comb_24|CPMSDFlipFlop:ffA[2]|CPDLatch:master|Q   ;    ;
; part5:comb_24|CPMSDFlipFlop:ffA[3]|CPDLatch:master|Q   ;    ;
; part5:comb_24|CPMSDFlipFlop:ffB[12]|CPDLatch:master|Q  ;    ;
; part5:comb_24|CPMSDFlipFlop:ffB[13]|CPDLatch:master|Q  ;    ;
; part5:comb_24|CPMSDFlipFlop:ffB[14]|CPDLatch:master|Q  ;    ;
; part5:comb_24|CPMSDFlipFlop:ffB[15]|CPDLatch:master|Q  ;    ;
; part5:comb_24|CPMSDFlipFlop:ffB[8]|CPDLatch:master|Q   ;    ;
; part5:comb_24|CPMSDFlipFlop:ffB[9]|CPDLatch:master|Q   ;    ;
; part5:comb_24|CPMSDFlipFlop:ffB[10]|CPDLatch:master|Q  ;    ;
; part5:comb_24|CPMSDFlipFlop:ffB[11]|CPDLatch:master|Q  ;    ;
; part5:comb_24|CPMSDFlipFlop:ffB[4]|CPDLatch:master|Q   ;    ;
; part5:comb_24|CPMSDFlipFlop:ffB[5]|CPDLatch:master|Q   ;    ;
; part5:comb_24|CPMSDFlipFlop:ffB[6]|CPDLatch:master|Q   ;    ;
; part5:comb_24|CPMSDFlipFlop:ffB[7]|CPDLatch:master|Q   ;    ;
; part5:comb_24|CPMSDFlipFlop:ffB[0]|CPDLatch:master|Q   ;    ;
; part5:comb_24|CPMSDFlipFlop:ffB[1]|CPDLatch:master|Q   ;    ;
; part5:comb_24|CPMSDFlipFlop:ffB[2]|CPDLatch:master|Q   ;    ;
; part5:comb_24|CPMSDFlipFlop:ffB[3]|CPDLatch:master|Q   ;    ;
; Number of logic cells representing combinational loops ; 64 ;
+--------------------------------------------------------+----+
Note: All cells listed above may not be present at the end of synthesis due to various synthesis optimizations.


+------------------------------------------------------+
; General Register Statistics                          ;
+----------------------------------------------+-------+
; Statistic                                    ; Value ;
+----------------------------------------------+-------+
; Total registers                              ; 0     ;
; Number of registers using Synchronous Clear  ; 0     ;
; Number of registers using Synchronous Load   ; 0     ;
; Number of registers using Asynchronous Clear ; 0     ;
; Number of registers using Asynchronous Load  ; 0     ;
; Number of registers using Clock Enable       ; 0     ;
; Number of registers using Preset             ; 0     ;
+----------------------------------------------+-------+


+-----------------------------------------------------------------+
; Port Connectivity Checks: "part5:comb_24|CPMSDFlipFlop:ffB[15]" ;
+--------+-------+----------+-------------------------------------+
; Port   ; Type  ; Severity ; Details                             ;
+--------+-------+----------+-------------------------------------+
; preset ; Input ; Info     ; Stuck at VCC                        ;
+--------+-------+----------+-------------------------------------+


+-----------------------------------------------------------------+
; Port Connectivity Checks: "part5:comb_24|CPMSDFlipFlop:ffB[14]" ;
+--------+-------+----------+-------------------------------------+
; Port   ; Type  ; Severity ; Details                             ;
+--------+-------+----------+-------------------------------------+
; preset ; Input ; Info     ; Stuck at VCC                        ;
+--------+-------+----------+-------------------------------------+


+-----------------------------------------------------------------+
; Port Connectivity Checks: "part5:comb_24|CPMSDFlipFlop:ffB[13]" ;
+--------+-------+----------+-------------------------------------+
; Port   ; Type  ; Severity ; Details                             ;
+--------+-------+----------+-------------------------------------+
; preset ; Input ; Info     ; Stuck at VCC                        ;
+--------+-------+----------+-------------------------------------+


+-----------------------------------------------------------------+
; Port Connectivity Checks: "part5:comb_24|CPMSDFlipFlop:ffB[12]" ;
+--------+-------+----------+-------------------------------------+
; Port   ; Type  ; Severity ; Details                             ;
+--------+-------+----------+-------------------------------------+
; preset ; Input ; Info     ; Stuck at VCC                        ;
+--------+-------+----------+-------------------------------------+


+-----------------------------------------------------------------+
; Port Connectivity Checks: "part5:comb_24|CPMSDFlipFlop:ffB[11]" ;
+--------+-------+----------+-------------------------------------+
; Port   ; Type  ; Severity ; Details                             ;
+--------+-------+----------+-------------------------------------+
; preset ; Input ; Info     ; Stuck at VCC                        ;
+--------+-------+----------+-------------------------------------+


+-----------------------------------------------------------------+
; Port Connectivity Checks: "part5:comb_24|CPMSDFlipFlop:ffB[10]" ;
+--------+-------+----------+-------------------------------------+
; Port   ; Type  ; Severity ; Details                             ;
+--------+-------+----------+-------------------------------------+
; preset ; Input ; Info     ; Stuck at VCC                        ;
+--------+-------+----------+-------------------------------------+


+----------------------------------------------------------------+
; Port Connectivity Checks: "part5:comb_24|CPMSDFlipFlop:ffB[9]" ;
+--------+-------+----------+------------------------------------+
; Port   ; Type  ; Severity ; Details                            ;
+--------+-------+----------+------------------------------------+
; preset ; Input ; Info     ; Stuck at VCC                       ;
+--------+-------+----------+------------------------------------+


+----------------------------------------------------------------+
; Port Connectivity Checks: "part5:comb_24|CPMSDFlipFlop:ffB[8]" ;
+--------+-------+----------+------------------------------------+
; Port   ; Type  ; Severity ; Details                            ;
+--------+-------+----------+------------------------------------+
; preset ; Input ; Info     ; Stuck at VCC                       ;
+--------+-------+----------+------------------------------------+


+----------------------------------------------------------------+
; Port Connectivity Checks: "part5:comb_24|CPMSDFlipFlop:ffB[7]" ;
+--------+-------+----------+------------------------------------+
; Port   ; Type  ; Severity ; Details                            ;
+--------+-------+----------+------------------------------------+
; preset ; Input ; Info     ; Stuck at VCC                       ;
+--------+-------+----------+------------------------------------+


+----------------------------------------------------------------+
; Port Connectivity Checks: "part5:comb_24|CPMSDFlipFlop:ffB[6]" ;
+--------+-------+----------+------------------------------------+
; Port   ; Type  ; Severity ; Details                            ;
+--------+-------+----------+------------------------------------+
; preset ; Input ; Info     ; Stuck at VCC                       ;
+--------+-------+----------+------------------------------------+


+----------------------------------------------------------------+
; Port Connectivity Checks: "part5:comb_24|CPMSDFlipFlop:ffB[5]" ;
+--------+-------+----------+------------------------------------+
; Port   ; Type  ; Severity ; Details                            ;
+--------+-------+----------+------------------------------------+
; preset ; Input ; Info     ; Stuck at VCC                       ;
+--------+-------+----------+------------------------------------+


+----------------------------------------------------------------+
; Port Connectivity Checks: "part5:comb_24|CPMSDFlipFlop:ffB[4]" ;
+--------+-------+----------+------------------------------------+
; Port   ; Type  ; Severity ; Details                            ;
+--------+-------+----------+------------------------------------+
; preset ; Input ; Info     ; Stuck at VCC                       ;
+--------+-------+----------+------------------------------------+


+----------------------------------------------------------------+
; Port Connectivity Checks: "part5:comb_24|CPMSDFlipFlop:ffB[3]" ;
+--------+-------+----------+------------------------------------+
; Port   ; Type  ; Severity ; Details                            ;
+--------+-------+----------+------------------------------------+
; preset ; Input ; Info     ; Stuck at VCC                       ;
+--------+-------+----------+------------------------------------+


+----------------------------------------------------------------+
; Port Connectivity Checks: "part5:comb_24|CPMSDFlipFlop:ffB[2]" ;
+--------+-------+----------+------------------------------------+
; Port   ; Type  ; Severity ; Details                            ;
+--------+-------+----------+------------------------------------+
; preset ; Input ; Info     ; Stuck at VCC                       ;
+--------+-------+----------+------------------------------------+


+----------------------------------------------------------------+
; Port Connectivity Checks: "part5:comb_24|CPMSDFlipFlop:ffB[1]" ;
+--------+-------+----------+------------------------------------+
; Port   ; Type  ; Severity ; Details                            ;
+--------+-------+----------+------------------------------------+
; preset ; Input ; Info     ; Stuck at VCC                       ;
+--------+-------+----------+------------------------------------+


+----------------------------------------------------------------+
; Port Connectivity Checks: "part5:comb_24|CPMSDFlipFlop:ffB[0]" ;
+--------+-------+----------+------------------------------------+
; Port   ; Type  ; Severity ; Details                            ;
+--------+-------+----------+------------------------------------+
; preset ; Input ; Info     ; Stuck at VCC                       ;
+--------+-------+----------+------------------------------------+


+-----------------------------------------------------------------+
; Port Connectivity Checks: "part5:comb_24|CPMSDFlipFlop:ffA[15]" ;
+--------+-------+----------+-------------------------------------+
; Port   ; Type  ; Severity ; Details                             ;
+--------+-------+----------+-------------------------------------+
; preset ; Input ; Info     ; Stuck at VCC                        ;
+--------+-------+----------+-------------------------------------+


+-----------------------------------------------------------------+
; Port Connectivity Checks: "part5:comb_24|CPMSDFlipFlop:ffA[14]" ;
+--------+-------+----------+-------------------------------------+
; Port   ; Type  ; Severity ; Details                             ;
+--------+-------+----------+-------------------------------------+
; preset ; Input ; Info     ; Stuck at VCC                        ;
+--------+-------+----------+-------------------------------------+


+-----------------------------------------------------------------+
; Port Connectivity Checks: "part5:comb_24|CPMSDFlipFlop:ffA[13]" ;
+--------+-------+----------+-------------------------------------+
; Port   ; Type  ; Severity ; Details                             ;
+--------+-------+----------+-------------------------------------+
; preset ; Input ; Info     ; Stuck at VCC                        ;
+--------+-------+----------+-------------------------------------+


+-----------------------------------------------------------------+
; Port Connectivity Checks: "part5:comb_24|CPMSDFlipFlop:ffA[12]" ;
+--------+-------+----------+-------------------------------------+
; Port   ; Type  ; Severity ; Details                             ;
+--------+-------+----------+-------------------------------------+
; preset ; Input ; Info     ; Stuck at VCC                        ;
+--------+-------+----------+-------------------------------------+


+-----------------------------------------------------------------+
; Port Connectivity Checks: "part5:comb_24|CPMSDFlipFlop:ffA[11]" ;
+--------+-------+----------+-------------------------------------+
; Port   ; Type  ; Severity ; Details                             ;
+--------+-------+----------+-------------------------------------+
; preset ; Input ; Info     ; Stuck at VCC                        ;
+--------+-------+----------+-------------------------------------+


+-----------------------------------------------------------------+
; Port Connectivity Checks: "part5:comb_24|CPMSDFlipFlop:ffA[10]" ;
+--------+-------+----------+-------------------------------------+
; Port   ; Type  ; Severity ; Details                             ;
+--------+-------+----------+-------------------------------------+
; preset ; Input ; Info     ; Stuck at VCC                        ;
+--------+-------+----------+-------------------------------------+


+----------------------------------------------------------------+
; Port Connectivity Checks: "part5:comb_24|CPMSDFlipFlop:ffA[9]" ;
+--------+-------+----------+------------------------------------+
; Port   ; Type  ; Severity ; Details                            ;
+--------+-------+----------+------------------------------------+
; preset ; Input ; Info     ; Stuck at VCC                       ;
+--------+-------+----------+------------------------------------+


+----------------------------------------------------------------+
; Port Connectivity Checks: "part5:comb_24|CPMSDFlipFlop:ffA[8]" ;
+--------+-------+----------+------------------------------------+
; Port   ; Type  ; Severity ; Details                            ;
+--------+-------+----------+------------------------------------+
; preset ; Input ; Info     ; Stuck at VCC                       ;
+--------+-------+----------+------------------------------------+


+----------------------------------------------------------------+
; Port Connectivity Checks: "part5:comb_24|CPMSDFlipFlop:ffA[7]" ;
+--------+-------+----------+------------------------------------+
; Port   ; Type  ; Severity ; Details                            ;
+--------+-------+----------+------------------------------------+
; preset ; Input ; Info     ; Stuck at VCC                       ;
+--------+-------+----------+------------------------------------+


+----------------------------------------------------------------+
; Port Connectivity Checks: "part5:comb_24|CPMSDFlipFlop:ffA[6]" ;
+--------+-------+----------+------------------------------------+
; Port   ; Type  ; Severity ; Details                            ;
+--------+-------+----------+------------------------------------+
; preset ; Input ; Info     ; Stuck at VCC                       ;
+--------+-------+----------+------------------------------------+


+----------------------------------------------------------------+
; Port Connectivity Checks: "part5:comb_24|CPMSDFlipFlop:ffA[5]" ;
+--------+-------+----------+------------------------------------+
; Port   ; Type  ; Severity ; Details                            ;
+--------+-------+----------+------------------------------------+
; preset ; Input ; Info     ; Stuck at VCC                       ;
+--------+-------+----------+------------------------------------+


+----------------------------------------------------------------+
; Port Connectivity Checks: "part5:comb_24|CPMSDFlipFlop:ffA[4]" ;
+--------+-------+----------+------------------------------------+
; Port   ; Type  ; Severity ; Details                            ;
+--------+-------+----------+------------------------------------+
; preset ; Input ; Info     ; Stuck at VCC                       ;
+--------+-------+----------+------------------------------------+


+----------------------------------------------------------------+
; Port Connectivity Checks: "part5:comb_24|CPMSDFlipFlop:ffA[3]" ;
+--------+-------+----------+------------------------------------+
; Port   ; Type  ; Severity ; Details                            ;
+--------+-------+----------+------------------------------------+
; preset ; Input ; Info     ; Stuck at VCC                       ;
+--------+-------+----------+------------------------------------+


+----------------------------------------------------------------+
; Port Connectivity Checks: "part5:comb_24|CPMSDFlipFlop:ffA[2]" ;
+--------+-------+----------+------------------------------------+
; Port   ; Type  ; Severity ; Details                            ;
+--------+-------+----------+------------------------------------+
; preset ; Input ; Info     ; Stuck at VCC                       ;
+--------+-------+----------+------------------------------------+


+----------------------------------------------------------------+
; Port Connectivity Checks: "part5:comb_24|CPMSDFlipFlop:ffA[1]" ;
+--------+-------+----------+------------------------------------+
; Port   ; Type  ; Severity ; Details                            ;
+--------+-------+----------+------------------------------------+
; preset ; Input ; Info     ; Stuck at VCC                       ;
+--------+-------+----------+------------------------------------+


+----------------------------------------------------------------+
; Port Connectivity Checks: "part5:comb_24|CPMSDFlipFlop:ffA[0]" ;
+--------+-------+----------+------------------------------------+
; Port   ; Type  ; Severity ; Details                            ;
+--------+-------+----------+------------------------------------+
; preset ; Input ; Info     ; Stuck at VCC                       ;
+--------+-------+----------+------------------------------------+


+-------------------------------+
; Elapsed Time Per Partition    ;
+----------------+--------------+
; Partition Name ; Elapsed Time ;
+----------------+--------------+
; Top            ; 00:00:00     ;
+----------------+--------------+


+-------------------------------+
; Analysis & Synthesis Messages ;
+-------------------------------+
Info: *******************************************************************
Info: Running Quartus II 32-bit Analysis & Synthesis
    Info: Version 12.1 Build 243 01/31/2013 Service Pack 1 SJ Web Edition
    Info: Processing started: Thu Nov 07 09:38:53 2019
Info: Command: quartus_map --read_settings_files=on --write_settings_files=off lab7 -c lab7
Info (11104): Parallel Compilation has detected 12 hyper-threaded processors. However, the extra hyper-threaded processors will not be used by default. Parallel Compilation will use 6 of the 6 physical processors detected instead.
Info (12021): Found 1 design units, including 1 entities, in source file lab7.v
    Info (12023): Found entity 1: lab7
Info (12021): Found 1 design units, including 1 entities, in source file part1.v
    Info (12023): Found entity 1: part1
Info (12021): Found 3 design units, including 3 entities, in source file util.v
    Info (12023): Found entity 1: sevenSeg
    Info (12023): Found entity 2: twoDigTo7Seg
    Info (12023): Found entity 3: fourDigTo7Seg
Info (12021): Found 1 design units, including 1 entities, in source file part2.v
    Info (12023): Found entity 1: part2
Info (12021): Found 1 design units, including 1 entities, in source file part3.v
    Info (12023): Found entity 1: part3
Info (12021): Found 1 design units, including 1 entities, in source file part4.v
    Info (12023): Found entity 1: part4
Info (12021): Found 3 design units, including 3 entities, in source file part5.v
    Info (12023): Found entity 1: CPDLatch
    Info (12023): Found entity 2: CPMSDFlipFlop
    Info (12023): Found entity 3: part5
Critical Warning (10846): Verilog HDL Instantiation warning at lab7.v(77): instance has no name
Critical Warning (10846): Verilog HDL Instantiation warning at util.v(55): instance has no name
Critical Warning (10846): Verilog HDL Instantiation warning at util.v(56): instance has no name
Critical Warning (10846): Verilog HDL Instantiation warning at lab7.v(79): instance has no name
Critical Warning (10846): Verilog HDL Instantiation warning at lab7.v(80): instance has no name
Info (12127): Elaborating entity "lab7" for the top level hierarchy
Warning (10034): Output port "LEDR" at lab7.v(46) has no driver
Info (12128): Elaborating entity "part5" for hierarchy "part5:comb_24"
Info (12128): Elaborating entity "CPMSDFlipFlop" for hierarchy "part5:comb_24|CPMSDFlipFlop:ffA[0]"
Info (12128): Elaborating entity "CPDLatch" for hierarchy "part5:comb_24|CPMSDFlipFlop:ffA[0]|CPDLatch:master"
Info (12128): Elaborating entity "fourDigTo7Seg" for hierarchy "fourDigTo7Seg:comb_25"
Info (12128): Elaborating entity "twoDigTo7Seg" for hierarchy "fourDigTo7Seg:comb_25|twoDigTo7Seg:comb_3"
Info (12128): Elaborating entity "sevenSeg" for hierarchy "fourDigTo7Seg:comb_25|twoDigTo7Seg:comb_3|sevenSeg:DBig"
Warning (13024): Output pins are stuck at VCC or GND
    Warning (13410): Pin "LEDR[0]" is stuck at GND
    Warning (13410): Pin "LEDR[1]" is stuck at GND
    Warning (13410): Pin "LEDR[2]" is stuck at GND
    Warning (13410): Pin "LEDR[3]" is stuck at GND
    Warning (13410): Pin "LEDR[4]" is stuck at GND
    Warning (13410): Pin "LEDR[5]" is stuck at GND
    Warning (13410): Pin "LEDR[6]" is stuck at GND
    Warning (13410): Pin "LEDR[7]" is stuck at GND
    Warning (13410): Pin "LEDR[8]" is stuck at GND
    Warning (13410): Pin "LEDR[9]" is stuck at GND
    Warning (13410): Pin "LEDR[10]" is stuck at GND
    Warning (13410): Pin "LEDR[11]" is stuck at GND
    Warning (13410): Pin "LEDR[12]" is stuck at GND
    Warning (13410): Pin "LEDR[13]" is stuck at GND
    Warning (13410): Pin "LEDR[14]" is stuck at GND
    Warning (13410): Pin "LEDR[15]" is stuck at GND
    Warning (13410): Pin "LEDR[16]" is stuck at GND
    Warning (13410): Pin "LEDR[17]" is stuck at GND
Info (16010): Generating hard_block partition "hard_block:auto_generated_inst"
    Info (16011): Adding 0 node(s), including 0 DDIO, 0 PLL, 0 transceiver and 0 LCELL
Warning (21074): Design contains 1 input pin(s) that do not drive logic
    Warning (15610): No output dependent on input pin "SW[16]"
Info (21057): Implemented 218 device resources after synthesis - the final resource count might be different
    Info (21058): Implemented 20 input pins
    Info (21059): Implemented 76 output pins
    Info (21061): Implemented 122 logic cells
Info: Quartus II 32-bit Analysis & Synthesis was successful. 0 errors, 27 warnings
    Info: Peak virtual memory: 418 megabytes
    Info: Processing ended: Thu Nov 07 09:39:01 2019
    Info: Elapsed time: 00:00:08
    Info: Total CPU time (on all processors): 00:00:02


