Analysis & Synthesis report for lab9
Tue Dec 03 09:28:17 2019
Quartus II 32-bit Version 12.1 Build 243 01/31/2013 Service Pack 1 SJ Web Edition


---------------------
; Table of Contents ;
---------------------
  1. Legal Notice
  2. Analysis & Synthesis Summary
  3. Analysis & Synthesis Settings
  4. Parallel Compilation
  5. Analysis & Synthesis Source Files Read
  6. Analysis & Synthesis Resource Usage Summary
  7. Analysis & Synthesis Resource Utilization by Entity
  8. State Machine - |lab9|s_next
  9. State Machine - |lab9|s_last_request_order
 10. State Machine - |lab9|s_current
 11. Registers Removed During Synthesis
 12. General Register Statistics
 13. Parameter Settings for User Entity Instance: Top-level Entity: |lab9
 14. Parameter Settings for User Entity Instance: fireSecDelay:fsc
 15. Parameter Settings for User Entity Instance: fireSecDelay:fsc|secCounter:sc
 16. Elapsed Time Per Partition
 17. Analysis & Synthesis Messages
 18. Analysis & Synthesis Suppressed Messages



----------------
; Legal Notice ;
----------------
Copyright (C) 1991-2012 Altera Corporation
Your use of Altera Corporation's design tools, logic functions 
and other software and tools, and its AMPP partner logic 
functions, and any output files from any of the foregoing 
(including device programming or simulation files), and any 
associated documentation or information are expressly subject 
to the terms and conditions of the Altera Program License 
Subscription Agreement, Altera MegaCore Function License 
Agreement, or other applicable license agreement, including, 
without limitation, that your use is for the sole purpose of 
programming logic devices manufactured by Altera and sold by 
Altera or its authorized distributors.  Please refer to the 
applicable agreement for further details.



+------------------------------------------------------------------------------------+
; Analysis & Synthesis Summary                                                       ;
+------------------------------------+-----------------------------------------------+
; Analysis & Synthesis Status        ; Successful - Tue Dec 03 09:28:17 2019         ;
; Quartus II 32-bit Version          ; 12.1 Build 243 01/31/2013 SP 1 SJ Web Edition ;
; Revision Name                      ; lab9                                          ;
; Top-level Entity Name              ; lab9                                          ;
; Family                             ; Cyclone II                                    ;
; Total logic elements               ; 152                                           ;
;     Total combinational functions  ; 145                                           ;
;     Dedicated logic registers      ; 95                                            ;
; Total registers                    ; 95                                            ;
; Total pins                         ; 50                                            ;
; Total virtual pins                 ; 0                                             ;
; Total memory bits                  ; 0                                             ;
; Embedded Multiplier 9-bit elements ; 0                                             ;
; Total PLLs                         ; 0                                             ;
+------------------------------------+-----------------------------------------------+


+----------------------------------------------------------------------------------------------------------------------+
; Analysis & Synthesis Settings                                                                                        ;
+----------------------------------------------------------------------------+--------------------+--------------------+
; Option                                                                     ; Setting            ; Default Value      ;
+----------------------------------------------------------------------------+--------------------+--------------------+
; Device                                                                     ; EP2C35F672C6       ;                    ;
; Top-level entity name                                                      ; lab9               ; lab9               ;
; Family name                                                                ; Cyclone II         ; Cyclone IV GX      ;
; Use smart compilation                                                      ; Off                ; Off                ;
; Enable parallel Assembler and TimeQuest Timing Analyzer during compilation ; On                 ; On                 ;
; Enable compact report table                                                ; Off                ; Off                ;
; Restructure Multiplexers                                                   ; Auto               ; Auto               ;
; Create Debugging Nodes for IP Cores                                        ; Off                ; Off                ;
; Preserve fewer node names                                                  ; On                 ; On                 ;
; Disable OpenCore Plus hardware evaluation                                  ; Off                ; Off                ;
; Verilog Version                                                            ; Verilog_2001       ; Verilog_2001       ;
; VHDL Version                                                               ; VHDL_1993          ; VHDL_1993          ;
; State Machine Processing                                                   ; Auto               ; Auto               ;
; Safe State Machine                                                         ; Off                ; Off                ;
; Extract Verilog State Machines                                             ; On                 ; On                 ;
; Extract VHDL State Machines                                                ; On                 ; On                 ;
; Ignore Verilog initial constructs                                          ; Off                ; Off                ;
; Iteration limit for constant Verilog loops                                 ; 5000               ; 5000               ;
; Iteration limit for non-constant Verilog loops                             ; 250                ; 250                ;
; Add Pass-Through Logic to Inferred RAMs                                    ; On                 ; On                 ;
; Infer RAMs from Raw Logic                                                  ; On                 ; On                 ;
; Parallel Synthesis                                                         ; On                 ; On                 ;
; DSP Block Balancing                                                        ; Auto               ; Auto               ;
; NOT Gate Push-Back                                                         ; On                 ; On                 ;
; Power-Up Don't Care                                                        ; On                 ; On                 ;
; Remove Redundant Logic Cells                                               ; Off                ; Off                ;
; Remove Duplicate Registers                                                 ; On                 ; On                 ;
; Ignore CARRY Buffers                                                       ; Off                ; Off                ;
; Ignore CASCADE Buffers                                                     ; Off                ; Off                ;
; Ignore GLOBAL Buffers                                                      ; Off                ; Off                ;
; Ignore ROW GLOBAL Buffers                                                  ; Off                ; Off                ;
; Ignore LCELL Buffers                                                       ; Off                ; Off                ;
; Ignore SOFT Buffers                                                        ; On                 ; On                 ;
; Limit AHDL Integers to 32 Bits                                             ; Off                ; Off                ;
; Optimization Technique                                                     ; Balanced           ; Balanced           ;
; Carry Chain Length                                                         ; 70                 ; 70                 ;
; Auto Carry Chains                                                          ; On                 ; On                 ;
; Auto Open-Drain Pins                                                       ; On                 ; On                 ;
; Perform WYSIWYG Primitive Resynthesis                                      ; Off                ; Off                ;
; Auto ROM Replacement                                                       ; On                 ; On                 ;
; Auto RAM Replacement                                                       ; On                 ; On                 ;
; Auto Shift Register Replacement                                            ; Auto               ; Auto               ;
; Allow Shift Register Merging across Hierarchies                            ; Auto               ; Auto               ;
; Auto Clock Enable Replacement                                              ; On                 ; On                 ;
; Strict RAM Replacement                                                     ; Off                ; Off                ;
; Allow Synchronous Control Signals                                          ; On                 ; On                 ;
; Force Use of Synchronous Clear Signals                                     ; Off                ; Off                ;
; Auto RAM to Logic Cell Conversion                                          ; Off                ; Off                ;
; Auto Resource Sharing                                                      ; Off                ; Off                ;
; Allow Any RAM Size For Recognition                                         ; Off                ; Off                ;
; Allow Any ROM Size For Recognition                                         ; Off                ; Off                ;
; Allow Any Shift Register Size For Recognition                              ; Off                ; Off                ;
; Use LogicLock Constraints during Resource Balancing                        ; On                 ; On                 ;
; Ignore translate_off and synthesis_off directives                          ; Off                ; Off                ;
; Timing-Driven Synthesis                                                    ; Off                ; Off                ;
; Report Parameter Settings                                                  ; On                 ; On                 ;
; Report Source Assignments                                                  ; On                 ; On                 ;
; Report Connectivity Checks                                                 ; On                 ; On                 ;
; Ignore Maximum Fan-Out Assignments                                         ; Off                ; Off                ;
; Synchronization Register Chain Length                                      ; 2                  ; 2                  ;
; PowerPlay Power Optimization                                               ; Normal compilation ; Normal compilation ;
; HDL message level                                                          ; Level2             ; Level2             ;
; Suppress Register Optimization Related Messages                            ; Off                ; Off                ;
; Number of Removed Registers Reported in Synthesis Report                   ; 5000               ; 5000               ;
; Number of Swept Nodes Reported in Synthesis Report                         ; 5000               ; 5000               ;
; Number of Inverted Registers Reported in Synthesis Report                  ; 100                ; 100                ;
; Clock MUX Protection                                                       ; On                 ; On                 ;
; Auto Gated Clock Conversion                                                ; Off                ; Off                ;
; Block Design Naming                                                        ; Auto               ; Auto               ;
; SDC constraint protection                                                  ; Off                ; Off                ;
; Synthesis Effort                                                           ; Auto               ; Auto               ;
; Shift Register Replacement - Allow Asynchronous Clear Signal               ; On                 ; On                 ;
; Pre-Mapping Resynthesis Optimization                                       ; Off                ; Off                ;
; Analysis & Synthesis Message Level                                         ; Medium             ; Medium             ;
; Disable Register Merging Across Hierarchies                                ; Auto               ; Auto               ;
; Resource Aware Inference For Block RAM                                     ; On                 ; On                 ;
; Synthesis Seed                                                             ; 1                  ; 1                  ;
+----------------------------------------------------------------------------+--------------------+--------------------+


+------------------------------------------+
; Parallel Compilation                     ;
+----------------------------+-------------+
; Processors                 ; Number      ;
+----------------------------+-------------+
; Number detected on machine ; 12          ;
; Maximum allowed            ; 6           ;
;                            ;             ;
; Average used               ; 1.00        ;
; Maximum used               ; 1           ;
;                            ;             ;
; Usage by Processor         ; % Time Used ;
;     1 processor            ; 100.0%      ;
;     2-12 processors        ;   0.0%      ;
+----------------------------+-------------+


+----------------------------------------------------------------------------------------------------------------------+
; Analysis & Synthesis Source Files Read                                                                               ;
+----------------------------------+-----------------+------------------------+------------------------------+---------+
; File Name with User-Entered Path ; Used in Netlist ; File Type              ; File Name with Absolute Path ; Library ;
+----------------------------------+-----------------+------------------------+------------------------------+---------+
; lab9.v                           ; yes             ; User Verilog HDL File  ; Z:/3201/lab9/lab9.v          ;         ;
+----------------------------------+-----------------+------------------------+------------------------------+---------+


+-----------------------------------------------------+
; Analysis & Synthesis Resource Usage Summary         ;
+---------------------------------------------+-------+
; Resource                                    ; Usage ;
+---------------------------------------------+-------+
; Estimated Total logic elements              ; 152   ;
;                                             ;       ;
; Total combinational functions               ; 145   ;
; Logic element usage by number of LUT inputs ;       ;
;     -- 4 input functions                    ; 50    ;
;     -- 3 input functions                    ; 26    ;
;     -- <=2 input functions                  ; 69    ;
;                                             ;       ;
; Logic elements by mode                      ;       ;
;     -- normal mode                          ; 84    ;
;     -- arithmetic mode                      ; 61    ;
;                                             ;       ;
; Total registers                             ; 95    ;
;     -- Dedicated logic registers            ; 95    ;
;     -- I/O registers                        ; 0     ;
;                                             ;       ;
; I/O pins                                    ; 50    ;
; Embedded Multiplier 9-bit elements          ; 0     ;
; Maximum fan-out                             ; 88    ;
; Total fan-out                               ; 765   ;
; Average fan-out                             ; 2.64  ;
+---------------------------------------------+-------+


+----------------------------------------------------------------------------------------------------------------------------------------------------------------------------------------------+
; Analysis & Synthesis Resource Utilization by Entity                                                                                                                                          ;
+----------------------------+-------------------+--------------+-------------+--------------+---------+-----------+------+--------------+--------------------------------------+--------------+
; Compilation Hierarchy Node ; LC Combinationals ; LC Registers ; Memory Bits ; DSP Elements ; DSP 9x9 ; DSP 18x18 ; Pins ; Virtual Pins ; Full Hierarchy Name                  ; Library Name ;
+----------------------------+-------------------+--------------+-------------+--------------+---------+-----------+------+--------------+--------------------------------------+--------------+
; |lab9                      ; 145 (45)          ; 95 (30)      ; 0           ; 0            ; 0       ; 0         ; 50   ; 0            ; |lab9                                ;              ;
;    |fireSecDelay:fsc|      ; 100 (12)          ; 65 (1)       ; 0           ; 0            ; 0       ; 0         ; 0    ; 0            ; |lab9|fireSecDelay:fsc               ;              ;
;       |secCounter:sc|      ; 88 (88)           ; 64 (64)      ; 0           ; 0            ; 0       ; 0         ; 0    ; 0            ; |lab9|fireSecDelay:fsc|secCounter:sc ;              ;
+----------------------------+-------------------+--------------+-------------+--------------+---------+-----------+------+--------------+--------------------------------------+--------------+
Note: For table entries with two numbers listed, the numbers in parentheses indicate the number of resources of the given type used by the specific entity alone. The numbers listed outside of parentheses indicate the total resources of the given type used by the specific entity and all of its sub-entities in the hierarchy.


Encoding Type:  One-Hot
+-------------------------------------------------------------------------------------------------------------------------------------------------------+
; State Machine - |lab9|s_next                                                                                                                          ;
+---------------------+-----------------+---------------------+-----------------+-----------------+-----------------+-----------------+-----------------+
; Name                ; s_next.S_SEC_YL ; s_next.S_SEC_GL_MAX ; s_next.S_SEC_GL ; s_next.S_PED_YL ; s_next.S_PED_GL ; s_next.S_HWY_YL ; s_next.S_HWY_GL ;
+---------------------+-----------------+---------------------+-----------------+-----------------+-----------------+-----------------+-----------------+
; s_next.S_HWY_GL     ; 0               ; 0                   ; 0               ; 0               ; 0               ; 0               ; 0               ;
; s_next.S_HWY_YL     ; 0               ; 0                   ; 0               ; 0               ; 0               ; 1               ; 1               ;
; s_next.S_PED_GL     ; 0               ; 0                   ; 0               ; 0               ; 1               ; 0               ; 1               ;
; s_next.S_PED_YL     ; 0               ; 0                   ; 0               ; 1               ; 0               ; 0               ; 1               ;
; s_next.S_SEC_GL     ; 0               ; 0                   ; 1               ; 0               ; 0               ; 0               ; 1               ;
; s_next.S_SEC_GL_MAX ; 0               ; 1                   ; 0               ; 0               ; 0               ; 0               ; 1               ;
; s_next.S_SEC_YL     ; 1               ; 0                   ; 0               ; 0               ; 0               ; 0               ; 1               ;
+---------------------+-----------------+---------------------+-----------------+-----------------+-----------------+-----------------+-----------------+


Encoding Type:  One-Hot
+-------------------------------------------------------------------------------------------------------------------------------------------------------------------------+
; State Machine - |lab9|s_last_request_order                                                                                                                              ;
+---------------------------------------------+-----------------------------------+-----------------------------------------+---------------------------------------------+
; Name                                        ; s_last_request_order.S_NO_REQUEST ; s_last_request_order.S_PEDESTRIAN_FIRST ; s_last_request_order.S_SECONDARY_ROAD_FIRST ;
+---------------------------------------------+-----------------------------------+-----------------------------------------+---------------------------------------------+
; s_last_request_order.S_NO_REQUEST           ; 0                                 ; 0                                       ; 0                                           ;
; s_last_request_order.S_SECONDARY_ROAD_FIRST ; 1                                 ; 0                                       ; 1                                           ;
; s_last_request_order.S_PEDESTRIAN_FIRST     ; 1                                 ; 1                                       ; 0                                           ;
+---------------------------------------------+-----------------------------------+-----------------------------------------+---------------------------------------------+


Encoding Type:  One-Hot
+-------------------------------------------------------------------------------------------------------------------------------------------------------------------------------+
; State Machine - |lab9|s_current                                                                                                                                               ;
+------------------------+--------------------+------------------------+--------------------+--------------------+--------------------+--------------------+--------------------+
; Name                   ; s_current.S_SEC_YL ; s_current.S_SEC_GL_MAX ; s_current.S_SEC_GL ; s_current.S_PED_YL ; s_current.S_PED_GL ; s_current.S_HWY_YL ; s_current.S_HWY_GL ;
+------------------------+--------------------+------------------------+--------------------+--------------------+--------------------+--------------------+--------------------+
; s_current.S_HWY_GL     ; 0                  ; 0                      ; 0                  ; 0                  ; 0                  ; 0                  ; 0                  ;
; s_current.S_HWY_YL     ; 0                  ; 0                      ; 0                  ; 0                  ; 0                  ; 1                  ; 1                  ;
; s_current.S_PED_GL     ; 0                  ; 0                      ; 0                  ; 0                  ; 1                  ; 0                  ; 1                  ;
; s_current.S_PED_YL     ; 0                  ; 0                      ; 0                  ; 1                  ; 0                  ; 0                  ; 1                  ;
; s_current.S_SEC_GL     ; 0                  ; 0                      ; 1                  ; 0                  ; 0                  ; 0                  ; 1                  ;
; s_current.S_SEC_GL_MAX ; 0                  ; 1                      ; 0                  ; 0                  ; 0                  ; 0                  ; 1                  ;
; s_current.S_SEC_YL     ; 1                  ; 0                      ; 0                  ; 0                  ; 0                  ; 0                  ; 1                  ;
+------------------------+--------------------+------------------------+--------------------+--------------------+--------------------+--------------------+--------------------+


+----------------------------------------------------------------------------------------+
; Registers Removed During Synthesis                                                     ;
+---------------------------------------------+------------------------------------------+
; Register name                               ; Reason for Removal                       ;
+---------------------------------------------+------------------------------------------+
; delay[3..31]                                ; Stuck at GND due to stuck port data_in   ;
; fireSecDelay:fsc|reset                      ; Merged with fireSecDelay:fsc|pulseActive ;
; s_next~2                                    ; Lost fanout                              ;
; s_next~3                                    ; Lost fanout                              ;
; s_next~4                                    ; Lost fanout                              ;
; s_next~5                                    ; Lost fanout                              ;
; s_current~4                                 ; Lost fanout                              ;
; s_current~5                                 ; Lost fanout                              ;
; s_current~6                                 ; Lost fanout                              ;
; s_current~7                                 ; Lost fanout                              ;
; s_last_request_order.S_SECONDARY_ROAD_FIRST ; Lost fanout                              ;
; Total Number of Removed Registers = 39      ;                                          ;
+---------------------------------------------+------------------------------------------+


+------------------------------------------------------+
; General Register Statistics                          ;
+----------------------------------------------+-------+
; Statistic                                    ; Value ;
+----------------------------------------------+-------+
; Total registers                              ; 95    ;
; Number of registers using Synchronous Clear  ; 1     ;
; Number of registers using Synchronous Load   ; 1     ;
; Number of registers using Asynchronous Clear ; 71    ;
; Number of registers using Asynchronous Load  ; 0     ;
; Number of registers using Clock Enable       ; 75    ;
; Number of registers using Preset             ; 0     ;
+----------------------------------------------+-------+


+----------------------------------------------------------------------+
; Parameter Settings for User Entity Instance: Top-level Entity: |lab9 ;
+------------------------+-------+-------------------------------------+
; Parameter Name         ; Value ; Type                                ;
+------------------------+-------+-------------------------------------+
; t_green                ; 6     ; Signed Integer                      ;
; t_yellow               ; 3     ; Signed Integer                      ;
; S_HWY_GL               ; 0000  ; Unsigned Binary                     ;
; S_HWY_YL               ; 0001  ; Unsigned Binary                     ;
; S_PED_GL               ; 0010  ; Unsigned Binary                     ;
; S_PED_YL               ; 0011  ; Unsigned Binary                     ;
; S_SEC_GL               ; 0100  ; Unsigned Binary                     ;
; S_SEC_GL_MAX           ; 0101  ; Unsigned Binary                     ;
; S_SEC_YL               ; 0110  ; Unsigned Binary                     ;
; S_NO_REQUEST           ; 00    ; Unsigned Binary                     ;
; S_PEDESTRIAN_FIRST     ; 10    ; Unsigned Binary                     ;
; S_SECONDARY_ROAD_FIRST ; 01    ; Unsigned Binary                     ;
; L_RED                  ; 100   ; Unsigned Binary                     ;
; L_YELLOW               ; 010   ; Unsigned Binary                     ;
; L_GREEN                ; 001   ; Unsigned Binary                     ;
; minGreenTime_HWY       ; 6     ; Signed Integer                      ;
; minGreenTime_SECONDARY ; 3     ; Signed Integer                      ;
; maxGreenTime_PED       ; 6     ; Signed Integer                      ;
+------------------------+-------+-------------------------------------+
Note: In order to hide this table in the UI and the text report file, please set the "Show Parameter Settings in Synthesis Report" option in "Analysis and Synthesis Settings -> More Settings" to "Off".


+---------------------------------------------------------------+
; Parameter Settings for User Entity Instance: fireSecDelay:fsc ;
+----------------+----------+-----------------------------------+
; Parameter Name ; Value    ; Type                              ;
+----------------+----------+-----------------------------------+
; freq           ; 50000000 ; Signed Integer                    ;
+----------------+----------+-----------------------------------+
Note: In order to hide this table in the UI and the text report file, please set the "Show Parameter Settings in Synthesis Report" option in "Analysis and Synthesis Settings -> More Settings" to "Off".


+-----------------------------------------------------------------------------+
; Parameter Settings for User Entity Instance: fireSecDelay:fsc|secCounter:sc ;
+----------------+----------+-------------------------------------------------+
; Parameter Name ; Value    ; Type                                            ;
+----------------+----------+-------------------------------------------------+
; freq           ; 50000000 ; Signed Integer                                  ;
+----------------+----------+-------------------------------------------------+
Note: In order to hide this table in the UI and the text report file, please set the "Show Parameter Settings in Synthesis Report" option in "Analysis and Synthesis Settings -> More Settings" to "Off".


+-------------------------------+
; Elapsed Time Per Partition    ;
+----------------+--------------+
; Partition Name ; Elapsed Time ;
+----------------+--------------+
; Top            ; 00:00:00     ;
+----------------+--------------+


+-------------------------------+
; Analysis & Synthesis Messages ;
+-------------------------------+
Info: *******************************************************************
Info: Running Quartus II 32-bit Analysis & Synthesis
    Info: Version 12.1 Build 243 01/31/2013 Service Pack 1 SJ Web Edition
    Info: Processing started: Tue Dec 03 09:28:13 2019
Info: Command: quartus_map --read_settings_files=on --write_settings_files=off lab9 -c lab9
Info (11104): Parallel Compilation has detected 12 hyper-threaded processors. However, the extra hyper-threaded processors will not be used by default. Parallel Compilation will use 6 of the 6 physical processors detected instead.
Info (12021): Found 3 design units, including 3 entities, in source file lab9.v
    Info (12023): Found entity 1: secCounter
    Info (12023): Found entity 2: fireSecDelay
    Info (12023): Found entity 3: lab9
Info (12127): Elaborating entity "lab9" for the top level hierarchy
Warning (10235): Verilog HDL Always Construct warning at lab9.v(191): variable "s_current" is read inside the Always Construct but isn't in the Always Construct's Event Control
Warning (10034): Output port "LEDR[15..11]" at lab9.v(81) has no driver
Warning (10034): Output port "LEDR[9]" at lab9.v(81) has no driver
Warning (10034): Output port "LEDR[7]" at lab9.v(81) has no driver
Warning (10034): Output port "LEDR[5]" at lab9.v(81) has no driver
Warning (10034): Output port "LEDR[3]" at lab9.v(81) has no driver
Warning (10034): Output port "LEDR[1]" at lab9.v(81) has no driver
Warning (10034): Output port "LEDG[7..5]" at lab9.v(83) has no driver
Warning (10034): Output port "LEDG[3]" at lab9.v(83) has no driver
Warning (10034): Output port "LEDG[1]" at lab9.v(83) has no driver
Info (12128): Elaborating entity "fireSecDelay" for hierarchy "fireSecDelay:fsc"
Info (12128): Elaborating entity "secCounter" for hierarchy "fireSecDelay:fsc|secCounter:sc"
Warning (13024): Output pins are stuck at VCC or GND
    Warning (13410): Pin "LEDR[1]" is stuck at GND
    Warning (13410): Pin "LEDR[3]" is stuck at GND
    Warning (13410): Pin "LEDR[5]" is stuck at GND
    Warning (13410): Pin "LEDR[7]" is stuck at GND
    Warning (13410): Pin "LEDR[9]" is stuck at GND
    Warning (13410): Pin "LEDR[11]" is stuck at GND
    Warning (13410): Pin "LEDR[12]" is stuck at GND
    Warning (13410): Pin "LEDR[13]" is stuck at GND
    Warning (13410): Pin "LEDR[14]" is stuck at GND
    Warning (13410): Pin "LEDR[15]" is stuck at GND
    Warning (13410): Pin "LEDG[1]" is stuck at GND
    Warning (13410): Pin "LEDG[3]" is stuck at GND
    Warning (13410): Pin "LEDG[5]" is stuck at GND
    Warning (13410): Pin "LEDG[6]" is stuck at GND
    Warning (13410): Pin "LEDG[7]" is stuck at GND
Info (17049): 9 registers lost all their fanouts during netlist optimizations.
Info (144001): Generated suppressed messages file Z:/3201/lab9/output_files/lab9.map.smsg
Info (16010): Generating hard_block partition "hard_block:auto_generated_inst"
    Info (16011): Adding 0 node(s), including 0 DDIO, 0 PLL, 0 transceiver and 0 LCELL
Warning (21074): Design contains 19 input pin(s) that do not drive logic
    Warning (15610): No output dependent on input pin "KEY[1]"
    Warning (15610): No output dependent on input pin "KEY[2]"
    Warning (15610): No output dependent on input pin "SW[1]"
    Warning (15610): No output dependent on input pin "SW[2]"
    Warning (15610): No output dependent on input pin "SW[3]"
    Warning (15610): No output dependent on input pin "SW[4]"
    Warning (15610): No output dependent on input pin "SW[5]"
    Warning (15610): No output dependent on input pin "SW[6]"
    Warning (15610): No output dependent on input pin "SW[7]"
    Warning (15610): No output dependent on input pin "SW[8]"
    Warning (15610): No output dependent on input pin "SW[9]"
    Warning (15610): No output dependent on input pin "SW[10]"
    Warning (15610): No output dependent on input pin "SW[11]"
    Warning (15610): No output dependent on input pin "SW[12]"
    Warning (15610): No output dependent on input pin "SW[13]"
    Warning (15610): No output dependent on input pin "SW[14]"
    Warning (15610): No output dependent on input pin "SW[15]"
    Warning (15610): No output dependent on input pin "SW[16]"
    Warning (15610): No output dependent on input pin "SW[17]"
Info (21057): Implemented 203 device resources after synthesis - the final resource count might be different
    Info (21058): Implemented 23 input pins
    Info (21059): Implemented 27 output pins
    Info (21061): Implemented 153 logic cells
Info: Quartus II 32-bit Analysis & Synthesis was successful. 0 errors, 46 warnings
    Info: Peak virtual memory: 418 megabytes
    Info: Processing ended: Tue Dec 03 09:28:17 2019
    Info: Elapsed time: 00:00:04
    Info: Total CPU time (on all processors): 00:00:02


+------------------------------------------+
; Analysis & Synthesis Suppressed Messages ;
+------------------------------------------+
The suppressed messages can be found in Z:/3201/lab9/output_files/lab9.map.smsg.


