Flow report for lab9
Tue Dec 03 09:28:39 2019
Quartus II 32-bit Version 12.1 Build 243 01/31/2013 Service Pack 1 SJ Web Edition


---------------------
; Table of Contents ;
---------------------
  1. Legal Notice
  2. Flow Summary
  3. Flow Settings
  4. Flow Non-Default Global Settings
  5. Flow Elapsed Time
  6. Flow OS Summary
  7. Flow Log



----------------
; Legal Notice ;
----------------
Copyright (C) 1991-2012 Altera Corporation
Your use of Altera Corporation's design tools, logic functions 
and other software and tools, and its AMPP partner logic 
functions, and any output files from any of the foregoing 
(including device programming or simulation files), and any 
associated documentation or information are expressly subject 
to the terms and conditions of the Altera Program License 
Subscription Agreement, Altera MegaCore Function License 
Agreement, or other applicable license agreement, including, 
without limitation, that your use is for the sole purpose of 
programming logic devices manufactured by Altera and sold by 
Altera or its authorized distributors.  Please refer to the 
applicable agreement for further details.



+------------------------------------------------------------------------------------+
; Flow Summary                                                                       ;
+------------------------------------+-----------------------------------------------+
; Flow Status                        ; Successful - Tue Dec 03 09:28:34 2019         ;
; Quartus II 32-bit Version          ; 12.1 Build 243 01/31/2013 SP 1 SJ Web Edition ;
; Revision Name                      ; lab9                                          ;
; Top-level Entity Name              ; lab9                                          ;
; Family                             ; Cyclone II                                    ;
; Device                             ; EP2C35F672C6                                  ;
; Timing Models                      ; Final                                         ;
; Total logic elements               ; 145 / 33,216 ( < 1 % )                        ;
;     Total combinational functions  ; 145 / 33,216 ( < 1 % )                        ;
;     Dedicated logic registers      ; 95 / 33,216 ( < 1 % )                         ;
; Total registers                    ; 95                                            ;
; Total pins                         ; 50 / 475 ( 11 % )                             ;
; Total virtual pins                 ; 0                                             ;
; Total memory bits                  ; 0 / 483,840 ( 0 % )                           ;
; Embedded Multiplier 9-bit elements ; 0 / 70 ( 0 % )                                ;
; Total PLLs                         ; 0 / 4 ( 0 % )                                 ;
+------------------------------------+-----------------------------------------------+


+-----------------------------------------+
; Flow Settings                           ;
+-------------------+---------------------+
; Option            ; Setting             ;
+-------------------+---------------------+
; Start date & time ; 12/03/2019 09:28:14 ;
; Main task         ; Compilation         ;
; Revision Name     ; lab9                ;
+-------------------+---------------------+


+------------------------------------------------------------------------------------------------------------------+
; Flow Non-Default Global Settings                                                                                 ;
+-------------------------------------+---------------------------------+---------------+-------------+------------+
; Assignment Name                     ; Value                           ; Default Value ; Entity Name ; Section Id ;
+-------------------------------------+---------------------------------+---------------+-------------+------------+
; COMPILER_SIGNATURE_ID               ; 238177203511864.157538329405476 ; --            ; --          ; --         ;
; MAX_CORE_JUNCTION_TEMP              ; 85                              ; --            ; --          ; --         ;
; MIN_CORE_JUNCTION_TEMP              ; 0                               ; --            ; --          ; --         ;
; PARTITION_COLOR                     ; 16764057                        ; --            ; --          ; Top        ;
; PARTITION_FITTER_PRESERVATION_LEVEL ; PLACEMENT_AND_ROUTING           ; --            ; --          ; Top        ;
; PARTITION_NETLIST_TYPE              ; SOURCE                          ; --            ; --          ; Top        ;
; PROJECT_OUTPUT_DIRECTORY            ; output_files                    ; --            ; --          ; --         ;
+-------------------------------------+---------------------------------+---------------+-------------+------------+


+-------------------------------------------------------------------------------------------------------------------------------+
; Flow Elapsed Time                                                                                                             ;
+---------------------------+--------------+-------------------------+---------------------+------------------------------------+
; Module Name               ; Elapsed Time ; Average Processors Used ; Peak Virtual Memory ; Total CPU Time (on all processors) ;
+---------------------------+--------------+-------------------------+---------------------+------------------------------------+
; Analysis & Synthesis      ; 00:00:03     ; 1.0                     ; 413 MB              ; 00:00:02                           ;
; Fitter                    ; 00:00:08     ; 1.0                     ; 623 MB              ; 00:00:10                           ;
; Assembler                 ; 00:00:03     ; 1.0                     ; 410 MB              ; 00:00:02                           ;
; TimeQuest Timing Analyzer ; 00:00:03     ; 1.7                     ; 377 MB              ; 00:00:01                           ;
; Total                     ; 00:00:17     ; --                      ; --                  ; 00:00:15                           ;
+---------------------------+--------------+-------------------------+---------------------+------------------------------------+


+----------------------------------------------------------------------------------------+
; Flow OS Summary                                                                        ;
+---------------------------+------------------+-----------+------------+----------------+
; Module Name               ; Machine Hostname ; OS Name   ; OS Version ; Processor type ;
+---------------------------+------------------+-----------+------------+----------------+
; Analysis & Synthesis      ; gsp16            ; Windows 7 ; 6.2        ; x86_64         ;
; Fitter                    ; gsp16            ; Windows 7 ; 6.2        ; x86_64         ;
; Assembler                 ; gsp16            ; Windows 7 ; 6.2        ; x86_64         ;
; TimeQuest Timing Analyzer ; gsp16            ; Windows 7 ; 6.2        ; x86_64         ;
+---------------------------+------------------+-----------+------------+----------------+


------------
; Flow Log ;
------------
quartus_map --read_settings_files=on --write_settings_files=off lab9 -c lab9
quartus_fit --read_settings_files=off --write_settings_files=off lab9 -c lab9
quartus_asm --read_settings_files=off --write_settings_files=off lab9 -c lab9
quartus_sta lab9 -c lab9



